Namespace(algorithm_name='DQN', reward_name='et_balance', sort_name='FirstSubmit', workload_path='./dataset/workload_ali2025.csv', host_path='./dataset/host_same.csv', log_path='./log/', episode=10)
Episode: 0
Task instance_13354 scheduled on host 3
Task instance_13363 scheduled on host 3
epsilon: 0.95
time: 0, total reward: -5.865972222222222, assign_num: 2, avg reward: -2.932986111111111
Current time: 1, Done: 0
Host 12: CPU=8000, MEM=128, GPU=800, Tasks=[]
energyConsumption:0.0,accumulatedEnergy:0.0,accumulatedCost:0.0
Host 34: CPU=8000, MEM=128, GPU=800, Tasks=[]
energyConsumption:0.0,accumulatedEnergy:0.0,accumulatedCost:0.0
Host 18: CPU=8000, MEM=128, GPU=800, Tasks=[]
energyConsumption:0.0,accumulatedEnergy:0.0,accumulatedCost:0.0
Host 9: CPU=8000, MEM=128, GPU=800, Tasks=[]
energyConsumption:0.0,accumulatedEnergy:0.0,accumulatedCost:0.0
Host 5: CPU=8000, MEM=128, GPU=800, Tasks=[]
energyConsumption:0.0,accumulatedEnergy:0.0,accumulatedCost:0.0
Host 23: CPU=8000, MEM=128, GPU=800, Tasks=[]
energyConsumption:0.0,accumulatedEnergy:0.0,accumulatedCost:0.0
Host 33: CPU=8000, MEM=128, GPU=800, Tasks=[]
energyConsumption:0.0,accumulatedEnergy:0.0,accumulatedCost:0.0
Host 4: CPU=8000, MEM=128, GPU=800, Tasks=[]
energyConsumption:0.0,accumulatedEnergy:0.0,accumulatedCost:0.0
Host 16: CPU=8000, MEM=128, GPU=800, Tasks=[]
energyConsumption:0.0,accumulatedEnergy:0.0,accumulatedCost:0.0
Host 38: CPU=8000, MEM=128, GPU=800, Tasks=[]
energyConsumption:0.0,accumulatedEnergy:0.0,accumulatedCost:0.0
Host 27: CPU=8000, MEM=128, GPU=800, Tasks=[]
energyConsumption:0.0,accumulatedEnergy:0.0,accumulatedCost:0.0
Host 21: CPU=8000, MEM=128, GPU=800, Tasks=[]
energyConsumption:0.0,accumulatedEnergy:0.0,accumulatedCost:0.0
Host 17: CPU=8000, MEM=128, GPU=800, Tasks=[]
energyConsumption:0.0,accumulatedEnergy:0.0,accumulatedCost:0.0
Host 25: CPU=8000, MEM=128, GPU=800, Tasks=[]
energyConsumption:0.0,accumulatedEnergy:0.0,accumulatedCost:0.0
Host 29: CPU=8000, MEM=128, GPU=800, Tasks=[]
energyConsumption:0.0,accumulatedEnergy:0.0,accumulatedCost:0.0
Host 36: CPU=8000, MEM=128, GPU=800, Tasks=[]
energyConsumption:0.0,accumulatedEnergy:0.0,accumulatedCost:0.0
Host 2: CPU=8000, MEM=128, GPU=800, Tasks=[]
energyConsumption:0.0,accumulatedEnergy:0.0,accumulatedCost:0.0
Host 31: CPU=8000, MEM=128, GPU=800, Tasks=[]
energyConsumption:0.0,accumulatedEnergy:0.0,accumulatedCost:0.0
Host 14: CPU=8000, MEM=128, GPU=800, Tasks=[]
energyConsumption:0.0,accumulatedEnergy:0.0,accumulatedCost:0.0
Host 6: CPU=8000, MEM=128, GPU=800, Tasks=[]
energyConsumption:0.0,accumulatedEnergy:0.0,accumulatedCost:0.0
Host 3: CPU=6400, MEM=48.0, GPU=500, Tasks=['instance_13354', 'instance_13363']
energyConsumption:78.75,accumulatedEnergy:78.75,accumulatedCost:0.00301875
Host 15: CPU=8000, MEM=128, GPU=800, Tasks=[]
energyConsumption:0.0,accumulatedEnergy:0.0,accumulatedCost:0.0
Host 1: CPU=8000, MEM=128, GPU=800, Tasks=[]
energyConsumption:0.0,accumulatedEnergy:0.0,accumulatedCost:0.0
Host 30: CPU=8000, MEM=128, GPU=800, Tasks=[]
energyConsumption:0.0,accumulatedEnergy:0.0,accumulatedCost:0.0
Host 13: CPU=8000, MEM=128, GPU=800, Tasks=[]
energyConsumption:0.0,accumulatedEnergy:0.0,accumulatedCost:0.0
Host 28: CPU=8000, MEM=128, GPU=800, Tasks=[]
energyConsumption:0.0,accumulatedEnergy:0.0,accumulatedCost:0.0
Host 22: CPU=8000, MEM=128, GPU=800, Tasks=[]
energyConsumption:0.0,accumulatedEnergy:0.0,accumulatedCost:0.0
Host 20: CPU=8000, MEM=128, GPU=800, Tasks=[]
energyConsumption:0.0,accumulatedEnergy:0.0,accumulatedCost:0.0
Host 39: CPU=8000, MEM=128, GPU=800, Tasks=[]
energyConsumption:0.0,accumulatedEnergy:0.0,accumulatedCost:0.0
Host 32: CPU=8000, MEM=128, GPU=800, Tasks=[]
energyConsumption:0.0,accumulatedEnergy:0.0,accumulatedCost:0.0
Host 26: CPU=8000, MEM=128, GPU=800, Tasks=[]
energyConsumption:0.0,accumulatedEnergy:0.0,accumulatedCost:0.0
Host 24: CPU=8000, MEM=128, GPU=800, Tasks=[]
energyConsumption:0.0,accumulatedEnergy:0.0,accumulatedCost:0.0
Host 19: CPU=8000, MEM=128, GPU=800, Tasks=[]
energyConsumption:0.0,accumulatedEnergy:0.0,accumulatedCost:0.0
Host 11: CPU=8000, MEM=128, GPU=800, Tasks=[]
energyConsumption:0.0,accumulatedEnergy:0.0,accumulatedCost:0.0
Host 8: CPU=8000, MEM=128, GPU=800, Tasks=[]
energyConsumption:0.0,accumulatedEnergy:0.0,accumulatedCost:0.0
Host 0: CPU=8000, MEM=128, GPU=800, Tasks=[]
energyConsumption:0.0,accumulatedEnergy:0.0,accumulatedCost:0.0
Host 10: CPU=8000, MEM=128, GPU=800, Tasks=[]
energyConsumption:0.0,accumulatedEnergy:0.0,accumulatedCost:0.0
Host 35: CPU=8000, MEM=128, GPU=800, Tasks=[]
energyConsumption:0.0,accumulatedEnergy:0.0,accumulatedCost:0.0
Host 7: CPU=8000, MEM=128, GPU=800, Tasks=[]
energyConsumption:0.0,accumulatedEnergy:0.0,accumulatedCost:0.0
Host 37: CPU=8000, MEM=128, GPU=800, Tasks=[]
energyConsumption:0.0,accumulatedEnergy:0.0,accumulatedCost:0.0
done:False
Current time: 2, Done: 0
Host 12: CPU=8000, MEM=128, GPU=800, Tasks=[]
energyConsumption:0.0,accumulatedEnergy:0.0,accumulatedCost:0.0
Host 34: CPU=8000, MEM=128, GPU=800, Tasks=[]
energyConsumption:0.0,accumulatedEnergy:0.0,accumulatedCost:0.0
Host 18: CPU=8000, MEM=128, GPU=800, Tasks=[]
energyConsumption:0.0,accumulatedEnergy:0.0,accumulatedCost:0.0
Host 9: CPU=8000, MEM=128, GPU=800, Tasks=[]
energyConsumption:0.0,accumulatedEnergy:0.0,accumulatedCost:0.0
Host 5: CPU=8000, MEM=128, GPU=800, Tasks=[]
energyConsumption:0.0,accumulatedEnergy:0.0,accumulatedCost:0.0
Host 23: CPU=8000, MEM=128, GPU=800, Tasks=[]
energyConsumption:0.0,accumulatedEnergy:0.0,accumulatedCost:0.0
Host 33: CPU=8000, MEM=128, GPU=800, Tasks=[]
energyConsumption:0.0,accumulatedEnergy:0.0,accumulatedCost:0.0
Host 4: CPU=8000, MEM=128, GPU=800, Tasks=[]
energyConsumption:0.0,accumulatedEnergy:0.0,accumulatedCost:0.0
Host 16: CPU=8000, MEM=128, GPU=800, Tasks=[]
energyConsumption:0.0,accumulatedEnergy:0.0,accumulatedCost:0.0
Host 38: CPU=8000, MEM=128, GPU=800, Tasks=[]
energyConsumption:0.0,accumulatedEnergy:0.0,accumulatedCost:0.0
Host 27: CPU=8000, MEM=128, GPU=800, Tasks=[]
energyConsumption:0.0,accumulatedEnergy:0.0,accumulatedCost:0.0
Host 21: CPU=8000, MEM=128, GPU=800, Tasks=[]
energyConsumption:0.0,accumulatedEnergy:0.0,accumulatedCost:0.0
Host 17: CPU=8000, MEM=128, GPU=800, Tasks=[]
energyConsumption:0.0,accumulatedEnergy:0.0,accumulatedCost:0.0
Host 25: CPU=8000, MEM=128, GPU=800, Tasks=[]
energyConsumption:0.0,accumulatedEnergy:0.0,accumulatedCost:0.0
Host 29: CPU=8000, MEM=128, GPU=800, Tasks=[]
energyConsumption:0.0,accumulatedEnergy:0.0,accumulatedCost:0.0
Host 36: CPU=8000, MEM=128, GPU=800, Tasks=[]
energyConsumption:0.0,accumulatedEnergy:0.0,accumulatedCost:0.0
Host 2: CPU=8000, MEM=128, GPU=800, Tasks=[]
energyConsumption:0.0,accumulatedEnergy:0.0,accumulatedCost:0.0
Host 31: CPU=8000, MEM=128, GPU=800, Tasks=[]
energyConsumption:0.0,accumulatedEnergy:0.0,accumulatedCost:0.0
Host 14: CPU=8000, MEM=128, GPU=800, Tasks=[]
energyConsumption:0.0,accumulatedEnergy:0.0,accumulatedCost:0.0
Host 6: CPU=8000, MEM=128, GPU=800, Tasks=[]
energyConsumption:0.0,accumulatedEnergy:0.0,accumulatedCost:0.0
Host 3: CPU=6400, MEM=48.0, GPU=500, Tasks=['instance_13354', 'instance_13363']
energyConsumption:78.75,accumulatedEnergy:157.5,accumulatedCost:0.0060375
Host 15: CPU=8000, MEM=128, GPU=800, Tasks=[]
energyConsumption:0.0,accumulatedEnergy:0.0,accumulatedCost:0.0
Host 1: CPU=8000, MEM=128, GPU=800, Tasks=[]
energyConsumption:0.0,accumulatedEnergy:0.0,accumulatedCost:0.0
Host 30: CPU=8000, MEM=128, GPU=800, Tasks=[]
energyConsumption:0.0,accumulatedEnergy:0.0,accumulatedCost:0.0
Host 13: CPU=8000, MEM=128, GPU=800, Tasks=[]
energyConsumption:0.0,accumulatedEnergy:0.0,accumulatedCost:0.0
Host 28: CPU=8000, MEM=128, GPU=800, Tasks=[]
energyConsumption:0.0,accumulatedEnergy:0.0,accumulatedCost:0.0
Host 22: CPU=8000, MEM=128, GPU=800, Tasks=[]
energyConsumption:0.0,accumulatedEnergy:0.0,accumulatedCost:0.0
Host 20: CPU=8000, MEM=128, GPU=800, Tasks=[]
energyConsumption:0.0,accumulatedEnergy:0.0,accumulatedCost:0.0
Host 39: CPU=8000, MEM=128, GPU=800, Tasks=[]
energyConsumption:0.0,accumulatedEnergy:0.0,accumulatedCost:0.0
Host 32: CPU=8000, MEM=128, GPU=800, Tasks=[]
energyConsumption:0.0,accumulatedEnergy:0.0,accumulatedCost:0.0
Host 26: CPU=8000, MEM=128, GPU=800, Tasks=[]
energyConsumption:0.0,accumulatedEnergy:0.0,accumulatedCost:0.0
Host 24: CPU=8000, MEM=128, GPU=800, Tasks=[]
energyConsumption:0.0,accumulatedEnergy:0.0,accumulatedCost:0.0
Host 19: CPU=8000, MEM=128, GPU=800, Tasks=[]
energyConsumption:0.0,accumulatedEnergy:0.0,accumulatedCost:0.0
Host 11: CPU=8000, MEM=128, GPU=800, Tasks=[]
energyConsumption:0.0,accumulatedEnergy:0.0,accumulatedCost:0.0
Host 8: CPU=8000, MEM=128, GPU=800, Tasks=[]
energyConsumption:0.0,accumulatedEnergy:0.0,accumulatedCost:0.0
Host 0: CPU=8000, MEM=128, GPU=800, Tasks=[]
energyConsumption:0.0,accumulatedEnergy:0.0,accumulatedCost:0.0
Host 10: CPU=8000, MEM=128, GPU=800, Tasks=[]
energyConsumption:0.0,accumulatedEnergy:0.0,accumulatedCost:0.0
Host 35: CPU=8000, MEM=128, GPU=800, Tasks=[]
energyConsumption:0.0,accumulatedEnergy:0.0,accumulatedCost:0.0
Host 7: CPU=8000, MEM=128, GPU=800, Tasks=[]
energyConsumption:0.0,accumulatedEnergy:0.0,accumulatedCost:0.0
Host 37: CPU=8000, MEM=128, GPU=800, Tasks=[]
energyConsumption:0.0,accumulatedEnergy:0.0,accumulatedCost:0.0
done:False
Task instance_13397 scheduled on host 35
epsilon: 0.9025
time: 2, total reward: -1.7947916666666668, assign_num: 1, avg reward: -1.7947916666666668
Current time: 3, Done: 0
Host 7: CPU=8000, MEM=128, GPU=800, Tasks=[]
energyConsumption:0.0,accumulatedEnergy:0.0,accumulatedCost:0.0
Host 10: CPU=8000, MEM=128, GPU=800, Tasks=[]
energyConsumption:0.0,accumulatedEnergy:0.0,accumulatedCost:0.0
Host 24: CPU=8000, MEM=128, GPU=800, Tasks=[]
energyConsumption:0.0,accumulatedEnergy:0.0,accumulatedCost:0.0
Host 5: CPU=8000, MEM=128, GPU=800, Tasks=[]
energyConsumption:0.0,accumulatedEnergy:0.0,accumulatedCost:0.0
Host 34: CPU=8000, MEM=128, GPU=800, Tasks=[]
energyConsumption:0.0,accumulatedEnergy:0.0,accumulatedCost:0.0
Host 8: CPU=8000, MEM=128, GPU=800, Tasks=[]
energyConsumption:0.0,accumulatedEnergy:0.0,accumulatedCost:0.0
Host 38: CPU=8000, MEM=128, GPU=800, Tasks=[]
energyConsumption:0.0,accumulatedEnergy:0.0,accumulatedCost:0.0
Host 23: CPU=8000, MEM=128, GPU=800, Tasks=[]
energyConsumption:0.0,accumulatedEnergy:0.0,accumulatedCost:0.0
Host 22: CPU=8000, MEM=128, GPU=800, Tasks=[]
energyConsumption:0.0,accumulatedEnergy:0.0,accumulatedCost:0.0
Host 4: CPU=8000, MEM=128, GPU=800, Tasks=[]
energyConsumption:0.0,accumulatedEnergy:0.0,accumulatedCost:0.0
Host 29: CPU=8000, MEM=128, GPU=800, Tasks=[]
energyConsumption:0.0,accumulatedEnergy:0.0,accumulatedCost:0.0
Host 21: CPU=8000, MEM=128, GPU=800, Tasks=[]
energyConsumption:0.0,accumulatedEnergy:0.0,accumulatedCost:0.0
Host 17: CPU=8000, MEM=128, GPU=800, Tasks=[]
energyConsumption:0.0,accumulatedEnergy:0.0,accumulatedCost:0.0
Host 27: CPU=8000, MEM=128, GPU=800, Tasks=[]
energyConsumption:0.0,accumulatedEnergy:0.0,accumulatedCost:0.0
Host 12: CPU=8000, MEM=128, GPU=800, Tasks=[]
energyConsumption:0.0,accumulatedEnergy:0.0,accumulatedCost:0.0
Host 30: CPU=8000, MEM=128, GPU=800, Tasks=[]
energyConsumption:0.0,accumulatedEnergy:0.0,accumulatedCost:0.0
Host 32: CPU=8000, MEM=128, GPU=800, Tasks=[]
energyConsumption:0.0,accumulatedEnergy:0.0,accumulatedCost:0.0
Host 33: CPU=8000, MEM=128, GPU=800, Tasks=[]
energyConsumption:0.0,accumulatedEnergy:0.0,accumulatedCost:0.0
Host 13: CPU=8000, MEM=128, GPU=800, Tasks=[]
energyConsumption:0.0,accumulatedEnergy:0.0,accumulatedCost:0.0
Host 31: CPU=8000, MEM=128, GPU=800, Tasks=[]
energyConsumption:0.0,accumulatedEnergy:0.0,accumulatedCost:0.0
Host 35: CPU=7200, MEM=88.0, GPU=750, Tasks=['instance_13397']
energyConsumption:41.625,accumulatedEnergy:41.625,accumulatedCost:0.001595625
Host 9: CPU=8000, MEM=128, GPU=800, Tasks=[]
energyConsumption:0.0,accumulatedEnergy:0.0,accumulatedCost:0.0
Host 36: CPU=8000, MEM=128, GPU=800, Tasks=[]
energyConsumption:0.0,accumulatedEnergy:0.0,accumulatedCost:0.0
Host 18: CPU=8000, MEM=128, GPU=800, Tasks=[]
energyConsumption:0.0,accumulatedEnergy:0.0,accumulatedCost:0.0
Host 14: CPU=8000, MEM=128, GPU=800, Tasks=[]
energyConsumption:0.0,accumulatedEnergy:0.0,accumulatedCost:0.0
Host 26: CPU=8000, MEM=128, GPU=800, Tasks=[]
energyConsumption:0.0,accumulatedEnergy:0.0,accumulatedCost:0.0
Host 20: CPU=8000, MEM=128, GPU=800, Tasks=[]
energyConsumption:0.0,accumulatedEnergy:0.0,accumulatedCost:0.0
Host 2: CPU=8000, MEM=128, GPU=800, Tasks=[]
energyConsumption:0.0,accumulatedEnergy:0.0,accumulatedCost:0.0
Host 11: CPU=8000, MEM=128, GPU=800, Tasks=[]
energyConsumption:0.0,accumulatedEnergy:0.0,accumulatedCost:0.0
Host 15: CPU=8000, MEM=128, GPU=800, Tasks=[]
energyConsumption:0.0,accumulatedEnergy:0.0,accumulatedCost:0.0
Host 1: CPU=8000, MEM=128, GPU=800, Tasks=[]
energyConsumption:0.0,accumulatedEnergy:0.0,accumulatedCost:0.0
Host 3: CPU=6400, MEM=48.0, GPU=500, Tasks=['instance_13354', 'instance_13363']
energyConsumption:78.75,accumulatedEnergy:236.25,accumulatedCost:0.00905625
Host 16: CPU=8000, MEM=128, GPU=800, Tasks=[]
energyConsumption:0.0,accumulatedEnergy:0.0,accumulatedCost:0.0
Host 25: CPU=8000, MEM=128, GPU=800, Tasks=[]
energyConsumption:0.0,accumulatedEnergy:0.0,accumulatedCost:0.0
Host 28: CPU=8000, MEM=128, GPU=800, Tasks=[]
energyConsumption:0.0,accumulatedEnergy:0.0,accumulatedCost:0.0
Host 0: CPU=8000, MEM=128, GPU=800, Tasks=[]
energyConsumption:0.0,accumulatedEnergy:0.0,accumulatedCost:0.0
Host 19: CPU=8000, MEM=128, GPU=800, Tasks=[]
energyConsumption:0.0,accumulatedEnergy:0.0,accumulatedCost:0.0
Host 6: CPU=8000, MEM=128, GPU=800, Tasks=[]
energyConsumption:0.0,accumulatedEnergy:0.0,accumulatedCost:0.0
Host 39: CPU=8000, MEM=128, GPU=800, Tasks=[]
energyConsumption:0.0,accumulatedEnergy:0.0,accumulatedCost:0.0
Host 37: CPU=8000, MEM=128, GPU=800, Tasks=[]
energyConsumption:0.0,accumulatedEnergy:0.0,accumulatedCost:0.0
done:False
Current time: 4, Done: 0
Host 7: CPU=8000, MEM=128, GPU=800, Tasks=[]
energyConsumption:0.0,accumulatedEnergy:0.0,accumulatedCost:0.0
Host 10: CPU=8000, MEM=128, GPU=800, Tasks=[]
energyConsumption:0.0,accumulatedEnergy:0.0,accumulatedCost:0.0
Host 24: CPU=8000, MEM=128, GPU=800, Tasks=[]
energyConsumption:0.0,accumulatedEnergy:0.0,accumulatedCost:0.0
Host 5: CPU=8000, MEM=128, GPU=800, Tasks=[]
energyConsumption:0.0,accumulatedEnergy:0.0,accumulatedCost:0.0
Host 34: CPU=8000, MEM=128, GPU=800, Tasks=[]
energyConsumption:0.0,accumulatedEnergy:0.0,accumulatedCost:0.0
Host 8: CPU=8000, MEM=128, GPU=800, Tasks=[]
energyConsumption:0.0,accumulatedEnergy:0.0,accumulatedCost:0.0
Host 38: CPU=8000, MEM=128, GPU=800, Tasks=[]
energyConsumption:0.0,accumulatedEnergy:0.0,accumulatedCost:0.0
Host 23: CPU=8000, MEM=128, GPU=800, Tasks=[]
energyConsumption:0.0,accumulatedEnergy:0.0,accumulatedCost:0.0
Host 22: CPU=8000, MEM=128, GPU=800, Tasks=[]
energyConsumption:0.0,accumulatedEnergy:0.0,accumulatedCost:0.0
Host 4: CPU=8000, MEM=128, GPU=800, Tasks=[]
energyConsumption:0.0,accumulatedEnergy:0.0,accumulatedCost:0.0
Host 29: CPU=8000, MEM=128, GPU=800, Tasks=[]
energyConsumption:0.0,accumulatedEnergy:0.0,accumulatedCost:0.0
Host 21: CPU=8000, MEM=128, GPU=800, Tasks=[]
energyConsumption:0.0,accumulatedEnergy:0.0,accumulatedCost:0.0
Host 17: CPU=8000, MEM=128, GPU=800, Tasks=[]
energyConsumption:0.0,accumulatedEnergy:0.0,accumulatedCost:0.0
Host 27: CPU=8000, MEM=128, GPU=800, Tasks=[]
energyConsumption:0.0,accumulatedEnergy:0.0,accumulatedCost:0.0
Host 12: CPU=8000, MEM=128, GPU=800, Tasks=[]
energyConsumption:0.0,accumulatedEnergy:0.0,accumulatedCost:0.0
Host 30: CPU=8000, MEM=128, GPU=800, Tasks=[]
energyConsumption:0.0,accumulatedEnergy:0.0,accumulatedCost:0.0
Host 32: CPU=8000, MEM=128, GPU=800, Tasks=[]
energyConsumption:0.0,accumulatedEnergy:0.0,accumulatedCost:0.0
Host 33: CPU=8000, MEM=128, GPU=800, Tasks=[]
energyConsumption:0.0,accumulatedEnergy:0.0,accumulatedCost:0.0
Host 13: CPU=8000, MEM=128, GPU=800, Tasks=[]
energyConsumption:0.0,accumulatedEnergy:0.0,accumulatedCost:0.0
Host 31: CPU=8000, MEM=128, GPU=800, Tasks=[]
energyConsumption:0.0,accumulatedEnergy:0.0,accumulatedCost:0.0
Host 35: CPU=7200, MEM=88.0, GPU=750, Tasks=['instance_13397']
energyConsumption:41.625,accumulatedEnergy:83.25,accumulatedCost:0.00319125
Host 9: CPU=8000, MEM=128, GPU=800, Tasks=[]
energyConsumption:0.0,accumulatedEnergy:0.0,accumulatedCost:0.0
Host 36: CPU=8000, MEM=128, GPU=800, Tasks=[]
energyConsumption:0.0,accumulatedEnergy:0.0,accumulatedCost:0.0
Host 18: CPU=8000, MEM=128, GPU=800, Tasks=[]
energyConsumption:0.0,accumulatedEnergy:0.0,accumulatedCost:0.0
Host 14: CPU=8000, MEM=128, GPU=800, Tasks=[]
energyConsumption:0.0,accumulatedEnergy:0.0,accumulatedCost:0.0
Host 26: CPU=8000, MEM=128, GPU=800, Tasks=[]
energyConsumption:0.0,accumulatedEnergy:0.0,accumulatedCost:0.0
Host 20: CPU=8000, MEM=128, GPU=800, Tasks=[]
energyConsumption:0.0,accumulatedEnergy:0.0,accumulatedCost:0.0
Host 2: CPU=8000, MEM=128, GPU=800, Tasks=[]
energyConsumption:0.0,accumulatedEnergy:0.0,accumulatedCost:0.0
Host 11: CPU=8000, MEM=128, GPU=800, Tasks=[]
energyConsumption:0.0,accumulatedEnergy:0.0,accumulatedCost:0.0
Host 15: CPU=8000, MEM=128, GPU=800, Tasks=[]
energyConsumption:0.0,accumulatedEnergy:0.0,accumulatedCost:0.0
Host 1: CPU=8000, MEM=128, GPU=800, Tasks=[]
energyConsumption:0.0,accumulatedEnergy:0.0,accumulatedCost:0.0
Host 3: CPU=6400, MEM=48.0, GPU=500, Tasks=['instance_13354', 'instance_13363']
energyConsumption:78.75,accumulatedEnergy:315.0,accumulatedCost:0.012075
Host 16: CPU=8000, MEM=128, GPU=800, Tasks=[]
energyConsumption:0.0,accumulatedEnergy:0.0,accumulatedCost:0.0
Host 25: CPU=8000, MEM=128, GPU=800, Tasks=[]
energyConsumption:0.0,accumulatedEnergy:0.0,accumulatedCost:0.0
Host 28: CPU=8000, MEM=128, GPU=800, Tasks=[]
energyConsumption:0.0,accumulatedEnergy:0.0,accumulatedCost:0.0
Host 0: CPU=8000, MEM=128, GPU=800, Tasks=[]
energyConsumption:0.0,accumulatedEnergy:0.0,accumulatedCost:0.0
Host 19: CPU=8000, MEM=128, GPU=800, Tasks=[]
energyConsumption:0.0,accumulatedEnergy:0.0,accumulatedCost:0.0
Host 6: CPU=8000, MEM=128, GPU=800, Tasks=[]
energyConsumption:0.0,accumulatedEnergy:0.0,accumulatedCost:0.0
Host 39: CPU=8000, MEM=128, GPU=800, Tasks=[]
energyConsumption:0.0,accumulatedEnergy:0.0,accumulatedCost:0.0
Host 37: CPU=8000, MEM=128, GPU=800, Tasks=[]
energyConsumption:0.0,accumulatedEnergy:0.0,accumulatedCost:0.0
done:False
Current time: 5, Done: 0
Host 7: CPU=8000, MEM=128, GPU=800, Tasks=[]
energyConsumption:0.0,accumulatedEnergy:0.0,accumulatedCost:0.0
Host 10: CPU=8000, MEM=128, GPU=800, Tasks=[]
energyConsumption:0.0,accumulatedEnergy:0.0,accumulatedCost:0.0
Host 24: CPU=8000, MEM=128, GPU=800, Tasks=[]
energyConsumption:0.0,accumulatedEnergy:0.0,accumulatedCost:0.0
Host 5: CPU=8000, MEM=128, GPU=800, Tasks=[]
energyConsumption:0.0,accumulatedEnergy:0.0,accumulatedCost:0.0
Host 34: CPU=8000, MEM=128, GPU=800, Tasks=[]
energyConsumption:0.0,accumulatedEnergy:0.0,accumulatedCost:0.0
Host 8: CPU=8000, MEM=128, GPU=800, Tasks=[]
energyConsumption:0.0,accumulatedEnergy:0.0,accumulatedCost:0.0
Host 38: CPU=8000, MEM=128, GPU=800, Tasks=[]
energyConsumption:0.0,accumulatedEnergy:0.0,accumulatedCost:0.0
Host 23: CPU=8000, MEM=128, GPU=800, Tasks=[]
energyConsumption:0.0,accumulatedEnergy:0.0,accumulatedCost:0.0
Host 22: CPU=8000, MEM=128, GPU=800, Tasks=[]
energyConsumption:0.0,accumulatedEnergy:0.0,accumulatedCost:0.0
Host 4: CPU=8000, MEM=128, GPU=800, Tasks=[]
energyConsumption:0.0,accumulatedEnergy:0.0,accumulatedCost:0.0
Host 29: CPU=8000, MEM=128, GPU=800, Tasks=[]
energyConsumption:0.0,accumulatedEnergy:0.0,accumulatedCost:0.0
Host 21: CPU=8000, MEM=128, GPU=800, Tasks=[]
energyConsumption:0.0,accumulatedEnergy:0.0,accumulatedCost:0.0
Host 17: CPU=8000, MEM=128, GPU=800, Tasks=[]
energyConsumption:0.0,accumulatedEnergy:0.0,accumulatedCost:0.0
Host 27: CPU=8000, MEM=128, GPU=800, Tasks=[]
energyConsumption:0.0,accumulatedEnergy:0.0,accumulatedCost:0.0
Host 12: CPU=8000, MEM=128, GPU=800, Tasks=[]
energyConsumption:0.0,accumulatedEnergy:0.0,accumulatedCost:0.0
Host 30: CPU=8000, MEM=128, GPU=800, Tasks=[]
energyConsumption:0.0,accumulatedEnergy:0.0,accumulatedCost:0.0
Host 32: CPU=8000, MEM=128, GPU=800, Tasks=[]
energyConsumption:0.0,accumulatedEnergy:0.0,accumulatedCost:0.0
Host 33: CPU=8000, MEM=128, GPU=800, Tasks=[]
energyConsumption:0.0,accumulatedEnergy:0.0,accumulatedCost:0.0
Host 13: CPU=8000, MEM=128, GPU=800, Tasks=[]
energyConsumption:0.0,accumulatedEnergy:0.0,accumulatedCost:0.0
Host 31: CPU=8000, MEM=128, GPU=800, Tasks=[]
energyConsumption:0.0,accumulatedEnergy:0.0,accumulatedCost:0.0
Host 35: CPU=7200, MEM=88.0, GPU=750, Tasks=['instance_13397']
energyConsumption:41.625,accumulatedEnergy:124.875,accumulatedCost:0.004786875
Host 9: CPU=8000, MEM=128, GPU=800, Tasks=[]
energyConsumption:0.0,accumulatedEnergy:0.0,accumulatedCost:0.0
Host 36: CPU=8000, MEM=128, GPU=800, Tasks=[]
energyConsumption:0.0,accumulatedEnergy:0.0,accumulatedCost:0.0
Host 18: CPU=8000, MEM=128, GPU=800, Tasks=[]
energyConsumption:0.0,accumulatedEnergy:0.0,accumulatedCost:0.0
Host 14: CPU=8000, MEM=128, GPU=800, Tasks=[]
energyConsumption:0.0,accumulatedEnergy:0.0,accumulatedCost:0.0
Host 26: CPU=8000, MEM=128, GPU=800, Tasks=[]
energyConsumption:0.0,accumulatedEnergy:0.0,accumulatedCost:0.0
Host 20: CPU=8000, MEM=128, GPU=800, Tasks=[]
energyConsumption:0.0,accumulatedEnergy:0.0,accumulatedCost:0.0
Host 2: CPU=8000, MEM=128, GPU=800, Tasks=[]
energyConsumption:0.0,accumulatedEnergy:0.0,accumulatedCost:0.0
Host 11: CPU=8000, MEM=128, GPU=800, Tasks=[]
energyConsumption:0.0,accumulatedEnergy:0.0,accumulatedCost:0.0
Host 15: CPU=8000, MEM=128, GPU=800, Tasks=[]
energyConsumption:0.0,accumulatedEnergy:0.0,accumulatedCost:0.0
Host 1: CPU=8000, MEM=128, GPU=800, Tasks=[]
energyConsumption:0.0,accumulatedEnergy:0.0,accumulatedCost:0.0
Host 3: CPU=6400, MEM=48.0, GPU=500, Tasks=['instance_13354', 'instance_13363']
energyConsumption:78.75,accumulatedEnergy:393.75,accumulatedCost:0.015093750000000001
Host 16: CPU=8000, MEM=128, GPU=800, Tasks=[]
energyConsumption:0.0,accumulatedEnergy:0.0,accumulatedCost:0.0
Host 25: CPU=8000, MEM=128, GPU=800, Tasks=[]
energyConsumption:0.0,accumulatedEnergy:0.0,accumulatedCost:0.0
Host 28: CPU=8000, MEM=128, GPU=800, Tasks=[]
energyConsumption:0.0,accumulatedEnergy:0.0,accumulatedCost:0.0
Host 0: CPU=8000, MEM=128, GPU=800, Tasks=[]
energyConsumption:0.0,accumulatedEnergy:0.0,accumulatedCost:0.0
Host 19: CPU=8000, MEM=128, GPU=800, Tasks=[]
energyConsumption:0.0,accumulatedEnergy:0.0,accumulatedCost:0.0
Host 6: CPU=8000, MEM=128, GPU=800, Tasks=[]
energyConsumption:0.0,accumulatedEnergy:0.0,accumulatedCost:0.0
Host 39: CPU=8000, MEM=128, GPU=800, Tasks=[]
energyConsumption:0.0,accumulatedEnergy:0.0,accumulatedCost:0.0
Host 37: CPU=8000, MEM=128, GPU=800, Tasks=[]
energyConsumption:0.0,accumulatedEnergy:0.0,accumulatedCost:0.0
done:False
Task instance_13470 scheduled on host 5
Task instance_13471 scheduled on host 14
epsilon: 0.8573749999999999
time: 5, total reward: -4.873402777777778, assign_num: 2, avg reward: -2.436701388888889
Current time: 6, Done: 0
Host 9: CPU=8000, MEM=128, GPU=800, Tasks=[]
energyConsumption:0.0,accumulatedEnergy:0.0,accumulatedCost:0.0
Host 18: CPU=8000, MEM=128, GPU=800, Tasks=[]
energyConsumption:0.0,accumulatedEnergy:0.0,accumulatedCost:0.0
Host 31: CPU=8000, MEM=128, GPU=800, Tasks=[]
energyConsumption:0.0,accumulatedEnergy:0.0,accumulatedCost:0.0
Host 35: CPU=7200, MEM=88.0, GPU=750, Tasks=['instance_13397']
energyConsumption:41.625,accumulatedEnergy:166.5,accumulatedCost:0.0063825
Host 27: CPU=8000, MEM=128, GPU=800, Tasks=[]
energyConsumption:0.0,accumulatedEnergy:0.0,accumulatedCost:0.0
Host 13: CPU=8000, MEM=128, GPU=800, Tasks=[]
energyConsumption:0.0,accumulatedEnergy:0.0,accumulatedCost:0.0
Host 20: CPU=8000, MEM=128, GPU=800, Tasks=[]
energyConsumption:0.0,accumulatedEnergy:0.0,accumulatedCost:0.0
Host 12: CPU=8000, MEM=128, GPU=800, Tasks=[]
energyConsumption:0.0,accumulatedEnergy:0.0,accumulatedCost:0.0
Host 38: CPU=8000, MEM=128, GPU=800, Tasks=[]
energyConsumption:0.0,accumulatedEnergy:0.0,accumulatedCost:0.0
Host 15: CPU=8000, MEM=128, GPU=800, Tasks=[]
energyConsumption:0.0,accumulatedEnergy:0.0,accumulatedCost:0.0
Host 23: CPU=8000, MEM=128, GPU=800, Tasks=[]
energyConsumption:0.0,accumulatedEnergy:0.0,accumulatedCost:0.0
Host 34: CPU=8000, MEM=128, GPU=800, Tasks=[]
energyConsumption:0.0,accumulatedEnergy:0.0,accumulatedCost:0.0
Host 26: CPU=8000, MEM=128, GPU=800, Tasks=[]
energyConsumption:0.0,accumulatedEnergy:0.0,accumulatedCost:0.0
Host 32: CPU=8000, MEM=128, GPU=800, Tasks=[]
energyConsumption:0.0,accumulatedEnergy:0.0,accumulatedCost:0.0
Host 37: CPU=8000, MEM=128, GPU=800, Tasks=[]
energyConsumption:0.0,accumulatedEnergy:0.0,accumulatedCost:0.0
Host 33: CPU=8000, MEM=128, GPU=800, Tasks=[]
energyConsumption:0.0,accumulatedEnergy:0.0,accumulatedCost:0.0
Host 7: CPU=8000, MEM=128, GPU=800, Tasks=[]
energyConsumption:0.0,accumulatedEnergy:0.0,accumulatedCost:0.0
Host 8: CPU=8000, MEM=128, GPU=800, Tasks=[]
energyConsumption:0.0,accumulatedEnergy:0.0,accumulatedCost:0.0
Host 28: CPU=8000, MEM=128, GPU=800, Tasks=[]
energyConsumption:0.0,accumulatedEnergy:0.0,accumulatedCost:0.0
Host 5: CPU=6800, MEM=8.0, GPU=750, Tasks=['instance_13470']
energyConsumption:68.625,accumulatedEnergy:68.625,accumulatedCost:0.002630625
Host 16: CPU=8000, MEM=128, GPU=800, Tasks=[]
energyConsumption:0.0,accumulatedEnergy:0.0,accumulatedCost:0.0
Host 39: CPU=8000, MEM=128, GPU=800, Tasks=[]
energyConsumption:0.0,accumulatedEnergy:0.0,accumulatedCost:0.0
Host 6: CPU=8000, MEM=128, GPU=800, Tasks=[]
energyConsumption:0.0,accumulatedEnergy:0.0,accumulatedCost:0.0
Host 2: CPU=8000, MEM=128, GPU=800, Tasks=[]
energyConsumption:0.0,accumulatedEnergy:0.0,accumulatedCost:0.0
Host 4: CPU=8000, MEM=128, GPU=800, Tasks=[]
energyConsumption:0.0,accumulatedEnergy:0.0,accumulatedCost:0.0
Host 11: CPU=8000, MEM=128, GPU=800, Tasks=[]
energyConsumption:0.0,accumulatedEnergy:0.0,accumulatedCost:0.0
Host 29: CPU=8000, MEM=128, GPU=800, Tasks=[]
energyConsumption:0.0,accumulatedEnergy:0.0,accumulatedCost:0.0
Host 3: CPU=6400, MEM=48.0, GPU=500, Tasks=['instance_13354', 'instance_13363']
energyConsumption:78.75,accumulatedEnergy:472.5,accumulatedCost:0.0181125
Host 30: CPU=8000, MEM=128, GPU=800, Tasks=[]
energyConsumption:0.0,accumulatedEnergy:0.0,accumulatedCost:0.0
Host 24: CPU=8000, MEM=128, GPU=800, Tasks=[]
energyConsumption:0.0,accumulatedEnergy:0.0,accumulatedCost:0.0
Host 1: CPU=8000, MEM=128, GPU=800, Tasks=[]
energyConsumption:0.0,accumulatedEnergy:0.0,accumulatedCost:0.0
Host 19: CPU=8000, MEM=128, GPU=800, Tasks=[]
energyConsumption:0.0,accumulatedEnergy:0.0,accumulatedCost:0.0
Host 10: CPU=8000, MEM=128, GPU=800, Tasks=[]
energyConsumption:0.0,accumulatedEnergy:0.0,accumulatedCost:0.0
Host 25: CPU=8000, MEM=128, GPU=800, Tasks=[]
energyConsumption:0.0,accumulatedEnergy:0.0,accumulatedCost:0.0
Host 17: CPU=8000, MEM=128, GPU=800, Tasks=[]
energyConsumption:0.0,accumulatedEnergy:0.0,accumulatedCost:0.0
Host 36: CPU=8000, MEM=128, GPU=800, Tasks=[]
energyConsumption:0.0,accumulatedEnergy:0.0,accumulatedCost:0.0
Host 14: CPU=6800, MEM=8.0, GPU=700, Tasks=['instance_13471']
energyConsumption:72.0,accumulatedEnergy:72.0,accumulatedCost:0.0027600000000000003
Host 22: CPU=8000, MEM=128, GPU=800, Tasks=[]
energyConsumption:0.0,accumulatedEnergy:0.0,accumulatedCost:0.0
Host 0: CPU=8000, MEM=128, GPU=800, Tasks=[]
energyConsumption:0.0,accumulatedEnergy:0.0,accumulatedCost:0.0
Host 21: CPU=8000, MEM=128, GPU=800, Tasks=[]
energyConsumption:0.0,accumulatedEnergy:0.0,accumulatedCost:0.0
done:False
Current time: 7, Done: 0
Host 9: CPU=8000, MEM=128, GPU=800, Tasks=[]
energyConsumption:0.0,accumulatedEnergy:0.0,accumulatedCost:0.0
Host 18: CPU=8000, MEM=128, GPU=800, Tasks=[]
energyConsumption:0.0,accumulatedEnergy:0.0,accumulatedCost:0.0
Host 31: CPU=8000, MEM=128, GPU=800, Tasks=[]
energyConsumption:0.0,accumulatedEnergy:0.0,accumulatedCost:0.0
Host 35: CPU=7200, MEM=88.0, GPU=750, Tasks=['instance_13397']
energyConsumption:41.625,accumulatedEnergy:208.125,accumulatedCost:0.007978125
Host 27: CPU=8000, MEM=128, GPU=800, Tasks=[]
energyConsumption:0.0,accumulatedEnergy:0.0,accumulatedCost:0.0
Host 13: CPU=8000, MEM=128, GPU=800, Tasks=[]
energyConsumption:0.0,accumulatedEnergy:0.0,accumulatedCost:0.0
Host 20: CPU=8000, MEM=128, GPU=800, Tasks=[]
energyConsumption:0.0,accumulatedEnergy:0.0,accumulatedCost:0.0
Host 12: CPU=8000, MEM=128, GPU=800, Tasks=[]
energyConsumption:0.0,accumulatedEnergy:0.0,accumulatedCost:0.0
Host 38: CPU=8000, MEM=128, GPU=800, Tasks=[]
energyConsumption:0.0,accumulatedEnergy:0.0,accumulatedCost:0.0
Host 15: CPU=8000, MEM=128, GPU=800, Tasks=[]
energyConsumption:0.0,accumulatedEnergy:0.0,accumulatedCost:0.0
Host 23: CPU=8000, MEM=128, GPU=800, Tasks=[]
energyConsumption:0.0,accumulatedEnergy:0.0,accumulatedCost:0.0
Host 34: CPU=8000, MEM=128, GPU=800, Tasks=[]
energyConsumption:0.0,accumulatedEnergy:0.0,accumulatedCost:0.0
Host 26: CPU=8000, MEM=128, GPU=800, Tasks=[]
energyConsumption:0.0,accumulatedEnergy:0.0,accumulatedCost:0.0
Host 32: CPU=8000, MEM=128, GPU=800, Tasks=[]
energyConsumption:0.0,accumulatedEnergy:0.0,accumulatedCost:0.0
Host 37: CPU=8000, MEM=128, GPU=800, Tasks=[]
energyConsumption:0.0,accumulatedEnergy:0.0,accumulatedCost:0.0
Host 33: CPU=8000, MEM=128, GPU=800, Tasks=[]
energyConsumption:0.0,accumulatedEnergy:0.0,accumulatedCost:0.0
Host 7: CPU=8000, MEM=128, GPU=800, Tasks=[]
energyConsumption:0.0,accumulatedEnergy:0.0,accumulatedCost:0.0
Host 8: CPU=8000, MEM=128, GPU=800, Tasks=[]
energyConsumption:0.0,accumulatedEnergy:0.0,accumulatedCost:0.0
Host 28: CPU=8000, MEM=128, GPU=800, Tasks=[]
energyConsumption:0.0,accumulatedEnergy:0.0,accumulatedCost:0.0
Host 5: CPU=6800, MEM=8.0, GPU=750, Tasks=['instance_13470']
energyConsumption:68.625,accumulatedEnergy:137.25,accumulatedCost:0.00526125
Host 16: CPU=8000, MEM=128, GPU=800, Tasks=[]
energyConsumption:0.0,accumulatedEnergy:0.0,accumulatedCost:0.0
Host 39: CPU=8000, MEM=128, GPU=800, Tasks=[]
energyConsumption:0.0,accumulatedEnergy:0.0,accumulatedCost:0.0
Host 6: CPU=8000, MEM=128, GPU=800, Tasks=[]
energyConsumption:0.0,accumulatedEnergy:0.0,accumulatedCost:0.0
Host 2: CPU=8000, MEM=128, GPU=800, Tasks=[]
energyConsumption:0.0,accumulatedEnergy:0.0,accumulatedCost:0.0
Host 4: CPU=8000, MEM=128, GPU=800, Tasks=[]
energyConsumption:0.0,accumulatedEnergy:0.0,accumulatedCost:0.0
Host 11: CPU=8000, MEM=128, GPU=800, Tasks=[]
energyConsumption:0.0,accumulatedEnergy:0.0,accumulatedCost:0.0
Host 29: CPU=8000, MEM=128, GPU=800, Tasks=[]
energyConsumption:0.0,accumulatedEnergy:0.0,accumulatedCost:0.0
Host 3: CPU=6400, MEM=48.0, GPU=500, Tasks=['instance_13354', 'instance_13363']
energyConsumption:78.75,accumulatedEnergy:551.25,accumulatedCost:0.02113125
Host 30: CPU=8000, MEM=128, GPU=800, Tasks=[]
energyConsumption:0.0,accumulatedEnergy:0.0,accumulatedCost:0.0
Host 24: CPU=8000, MEM=128, GPU=800, Tasks=[]
energyConsumption:0.0,accumulatedEnergy:0.0,accumulatedCost:0.0
Host 1: CPU=8000, MEM=128, GPU=800, Tasks=[]
energyConsumption:0.0,accumulatedEnergy:0.0,accumulatedCost:0.0
Host 19: CPU=8000, MEM=128, GPU=800, Tasks=[]
energyConsumption:0.0,accumulatedEnergy:0.0,accumulatedCost:0.0
Host 10: CPU=8000, MEM=128, GPU=800, Tasks=[]
energyConsumption:0.0,accumulatedEnergy:0.0,accumulatedCost:0.0
Host 25: CPU=8000, MEM=128, GPU=800, Tasks=[]
energyConsumption:0.0,accumulatedEnergy:0.0,accumulatedCost:0.0
Host 17: CPU=8000, MEM=128, GPU=800, Tasks=[]
energyConsumption:0.0,accumulatedEnergy:0.0,accumulatedCost:0.0
Host 36: CPU=8000, MEM=128, GPU=800, Tasks=[]
energyConsumption:0.0,accumulatedEnergy:0.0,accumulatedCost:0.0
Host 14: CPU=6800, MEM=8.0, GPU=700, Tasks=['instance_13471']
energyConsumption:72.0,accumulatedEnergy:144.0,accumulatedCost:0.005520000000000001
Host 22: CPU=8000, MEM=128, GPU=800, Tasks=[]
energyConsumption:0.0,accumulatedEnergy:0.0,accumulatedCost:0.0
Host 0: CPU=8000, MEM=128, GPU=800, Tasks=[]
energyConsumption:0.0,accumulatedEnergy:0.0,accumulatedCost:0.0
Host 21: CPU=8000, MEM=128, GPU=800, Tasks=[]
energyConsumption:0.0,accumulatedEnergy:0.0,accumulatedCost:0.0
done:False
Task instance_13525 scheduled on host 10
Task instance_13526 scheduled on host 20
Task instance_13534 scheduled on host 13
Task instance_13535 scheduled on host 7
Task instance_13543 scheduled on host 25
epsilon: 0.8145062499999999
time: 7, total reward: -9.239553571428571, assign_num: 5, avg reward: -1.8479107142857143
Current time: 8, Done: 0
Host 8: CPU=8000, MEM=128, GPU=800, Tasks=[]
energyConsumption:0.0,accumulatedEnergy:0.0,accumulatedCost:0.0
Host 2: CPU=8000, MEM=128, GPU=800, Tasks=[]
energyConsumption:0.0,accumulatedEnergy:0.0,accumulatedCost:0.0
Host 5: CPU=6800, MEM=8.0, GPU=750, Tasks=['instance_13470']
energyConsumption:68.625,accumulatedEnergy:205.875,accumulatedCost:0.007891875
Host 13: CPU=7200, MEM=88.0, GPU=600, Tasks=['instance_13534']
energyConsumption:51.75,accumulatedEnergy:51.75,accumulatedCost:0.00198375
Host 4: CPU=8000, MEM=128, GPU=800, Tasks=[]
energyConsumption:0.0,accumulatedEnergy:0.0,accumulatedCost:0.0
Host 3: CPU=6400, MEM=48.0, GPU=500, Tasks=['instance_13354', 'instance_13363']
energyConsumption:78.75,accumulatedEnergy:630.0,accumulatedCost:0.02415
Host 35: CPU=7200, MEM=88.0, GPU=750, Tasks=['instance_13397']
energyConsumption:41.625,accumulatedEnergy:249.75,accumulatedCost:0.00957375
Host 15: CPU=8000, MEM=128, GPU=800, Tasks=[]
energyConsumption:0.0,accumulatedEnergy:0.0,accumulatedCost:0.0
Host 29: CPU=8000, MEM=128, GPU=800, Tasks=[]
energyConsumption:0.0,accumulatedEnergy:0.0,accumulatedCost:0.0
Host 10: CPU=7200, MEM=88.0, GPU=700, Tasks=['instance_13525']
energyConsumption:45.0,accumulatedEnergy:45.0,accumulatedCost:0.001725
Host 14: CPU=6800, MEM=8.0, GPU=700, Tasks=['instance_13471']
energyConsumption:72.0,accumulatedEnergy:216.0,accumulatedCost:0.008280000000000001
Host 33: CPU=8000, MEM=128, GPU=800, Tasks=[]
energyConsumption:0.0,accumulatedEnergy:0.0,accumulatedCost:0.0
Host 38: CPU=8000, MEM=128, GPU=800, Tasks=[]
energyConsumption:0.0,accumulatedEnergy:0.0,accumulatedCost:0.0
Host 11: CPU=8000, MEM=128, GPU=800, Tasks=[]
energyConsumption:0.0,accumulatedEnergy:0.0,accumulatedCost:0.0
Host 36: CPU=8000, MEM=128, GPU=800, Tasks=[]
energyConsumption:0.0,accumulatedEnergy:0.0,accumulatedCost:0.0
Host 25: CPU=7200, MEM=88.0, GPU=700, Tasks=['instance_13543']
energyConsumption:45.0,accumulatedEnergy:45.0,accumulatedCost:0.001725
Host 39: CPU=8000, MEM=128, GPU=800, Tasks=[]
energyConsumption:0.0,accumulatedEnergy:0.0,accumulatedCost:0.0
Host 23: CPU=8000, MEM=128, GPU=800, Tasks=[]
energyConsumption:0.0,accumulatedEnergy:0.0,accumulatedCost:0.0
Host 6: CPU=8000, MEM=128, GPU=800, Tasks=[]
energyConsumption:0.0,accumulatedEnergy:0.0,accumulatedCost:0.0
Host 0: CPU=8000, MEM=128, GPU=800, Tasks=[]
energyConsumption:0.0,accumulatedEnergy:0.0,accumulatedCost:0.0
Host 31: CPU=8000, MEM=128, GPU=800, Tasks=[]
energyConsumption:0.0,accumulatedEnergy:0.0,accumulatedCost:0.0
Host 16: CPU=8000, MEM=128, GPU=800, Tasks=[]
energyConsumption:0.0,accumulatedEnergy:0.0,accumulatedCost:0.0
Host 12: CPU=8000, MEM=128, GPU=800, Tasks=[]
energyConsumption:0.0,accumulatedEnergy:0.0,accumulatedCost:0.0
Host 32: CPU=8000, MEM=128, GPU=800, Tasks=[]
energyConsumption:0.0,accumulatedEnergy:0.0,accumulatedCost:0.0
Host 34: CPU=8000, MEM=128, GPU=800, Tasks=[]
energyConsumption:0.0,accumulatedEnergy:0.0,accumulatedCost:0.0
Host 37: CPU=8000, MEM=128, GPU=800, Tasks=[]
energyConsumption:0.0,accumulatedEnergy:0.0,accumulatedCost:0.0
Host 22: CPU=8000, MEM=128, GPU=800, Tasks=[]
energyConsumption:0.0,accumulatedEnergy:0.0,accumulatedCost:0.0
Host 19: CPU=8000, MEM=128, GPU=800, Tasks=[]
energyConsumption:0.0,accumulatedEnergy:0.0,accumulatedCost:0.0
Host 20: CPU=7200, MEM=88.0, GPU=600, Tasks=['instance_13526']
energyConsumption:51.75,accumulatedEnergy:51.75,accumulatedCost:0.00198375
Host 27: CPU=8000, MEM=128, GPU=800, Tasks=[]
energyConsumption:0.0,accumulatedEnergy:0.0,accumulatedCost:0.0
Host 1: CPU=8000, MEM=128, GPU=800, Tasks=[]
energyConsumption:0.0,accumulatedEnergy:0.0,accumulatedCost:0.0
Host 18: CPU=8000, MEM=128, GPU=800, Tasks=[]
energyConsumption:0.0,accumulatedEnergy:0.0,accumulatedCost:0.0
Host 26: CPU=8000, MEM=128, GPU=800, Tasks=[]
energyConsumption:0.0,accumulatedEnergy:0.0,accumulatedCost:0.0
Host 17: CPU=8000, MEM=128, GPU=800, Tasks=[]
energyConsumption:0.0,accumulatedEnergy:0.0,accumulatedCost:0.0
Host 7: CPU=7200, MEM=88.0, GPU=650, Tasks=['instance_13535']
energyConsumption:48.375,accumulatedEnergy:48.375,accumulatedCost:0.0018543750000000001
Host 9: CPU=8000, MEM=128, GPU=800, Tasks=[]
energyConsumption:0.0,accumulatedEnergy:0.0,accumulatedCost:0.0
Host 24: CPU=8000, MEM=128, GPU=800, Tasks=[]
energyConsumption:0.0,accumulatedEnergy:0.0,accumulatedCost:0.0
Host 28: CPU=8000, MEM=128, GPU=800, Tasks=[]
energyConsumption:0.0,accumulatedEnergy:0.0,accumulatedCost:0.0
Host 30: CPU=8000, MEM=128, GPU=800, Tasks=[]
energyConsumption:0.0,accumulatedEnergy:0.0,accumulatedCost:0.0
Host 21: CPU=8000, MEM=128, GPU=800, Tasks=[]
energyConsumption:0.0,accumulatedEnergy:0.0,accumulatedCost:0.0
done:False
Task instance_13546 scheduled on host 27
Task instance_13547 scheduled on host 39
Task instance_13554 scheduled on host 33
Task instance_13571 scheduled on host 19
Task instance_13572 scheduled on host 26
Task instance_13573 scheduled on host 27
Task instance_13587 scheduled on host 23
Task instance_13588 scheduled on host 38
Task instance_13589 scheduled on host 10
Task instance_13590 scheduled on host 22
Task instance_13591 scheduled on host 22
Task instance_13592 scheduled on host 6
Task instance_13593 scheduled on host 33
Task instance_13594 scheduled on host 24
Task instance_13595 scheduled on host 9
Task instance_13596 scheduled on host 36
Task instance_13597 scheduled on host 26
Task instance_13598 scheduled on host 32
Task instance_13599 scheduled on host 15
Task instance_13600 scheduled on host 33
Task instance_13601 scheduled on host 31
Task instance_13602 scheduled on host 12
Task instance_13603 scheduled on host 11
Task instance_13605 scheduled on host 12
Task instance_13606 scheduled on host 21
Task instance_13607 scheduled on host 30
Task instance_13608 scheduled on host 16
Task instance_13614 scheduled on host 1
Task instance_13617 scheduled on host 26
Task instance_13618 scheduled on host 31
Task instance_13624 scheduled on host 18
Task instance_13625 scheduled on host 10
Task instance_13626 scheduled on host 13
Task instance_13628 scheduled on host 12
Task instance_13763 scheduled on host 27
Task instance_13780 scheduled on host 29
Task instance_13784 scheduled on host 19
Task instance_13785 scheduled on host 37
Task instance_13786 scheduled on host 11
Task instance_13788 scheduled on host 2
Task instance_13789 scheduled on host 34
epsilon: 0.7737809374999999
time: 8, total reward: -67.06521971220778, assign_num: 45, avg reward: -1.4903382158268395
undeployed tasks len: 4
Current time: 9, Done: 0
Host 16: CPU=7200, MEM=88.0, GPU=650, Tasks=['instance_13608']
energyConsumption:48.375,accumulatedEnergy:48.375,accumulatedCost:0.0018543750000000001
Host 11: CPU=6400, MEM=48.0, GPU=400, Tasks=['instance_13603', 'instance_13786']
energyConsumption:85.5,accumulatedEnergy:85.5,accumulatedCost:0.0032775
Host 8: CPU=8000, MEM=128, GPU=800, Tasks=[]
energyConsumption:0.0,accumulatedEnergy:0.0,accumulatedCost:0.0
Host 14: CPU=6800, MEM=8.0, GPU=700, Tasks=['instance_13471']
energyConsumption:72.0,accumulatedEnergy:288.0,accumulatedCost:0.011040000000000001
Host 0: CPU=8000, MEM=128, GPU=800, Tasks=[]
energyConsumption:0.0,accumulatedEnergy:0.0,accumulatedCost:0.0
Host 37: CPU=7200, MEM=88.0, GPU=600, Tasks=['instance_13785']
energyConsumption:51.75,accumulatedEnergy:51.75,accumulatedCost:0.00198375
Host 19: CPU=6400, MEM=48.0, GPU=600, Tasks=['instance_13571', 'instance_13784']
energyConsumption:72.0,accumulatedEnergy:72.0,accumulatedCost:0.0027600000000000003
Host 39: CPU=7200, MEM=88.0, GPU=750, Tasks=['instance_13547']
energyConsumption:41.625,accumulatedEnergy:41.625,accumulatedCost:0.001595625
Host 25: CPU=7200, MEM=88.0, GPU=700, Tasks=['instance_13543']
energyConsumption:45.0,accumulatedEnergy:90.0,accumulatedCost:0.00345
Host 33: CPU=5600, MEM=8.0, GPU=300, Tasks=['instance_13554', 'instance_13593', 'instance_13600']
energyConsumption:112.5,accumulatedEnergy:112.5,accumulatedCost:0.0043125
Host 31: CPU=6400, MEM=48.0, GPU=650, Tasks=['instance_13601', 'instance_13618']
energyConsumption:68.625,accumulatedEnergy:68.625,accumulatedCost:0.002630625
Host 12: CPU=5600, MEM=8.0, GPU=450, Tasks=['instance_13602', 'instance_13605', 'instance_13628']
energyConsumption:102.375,accumulatedEnergy:102.375,accumulatedCost:0.003924375
Host 28: CPU=8000, MEM=128, GPU=800, Tasks=[]
energyConsumption:0.0,accumulatedEnergy:0.0,accumulatedCost:0.0
Host 5: CPU=6800, MEM=8.0, GPU=750, Tasks=['instance_13470']
energyConsumption:68.625,accumulatedEnergy:274.5,accumulatedCost:0.0105225
Host 13: CPU=6400, MEM=48.0, GPU=450, Tasks=['instance_13534', 'instance_13626']
energyConsumption:82.125,accumulatedEnergy:133.875,accumulatedCost:0.005131875
Host 17: CPU=8000, MEM=128, GPU=800, Tasks=[]
energyConsumption:0.0,accumulatedEnergy:0.0,accumulatedCost:0.0
Host 26: CPU=5600, MEM=8.0, GPU=500, Tasks=['instance_13572', 'instance_13597', 'instance_13617']
energyConsumption:99.0,accumulatedEnergy:99.0,accumulatedCost:0.0037949999999999998
Host 32: CPU=7200, MEM=88.0, GPU=650, Tasks=['instance_13598']
energyConsumption:48.375,accumulatedEnergy:48.375,accumulatedCost:0.0018543750000000001
Host 35: CPU=7200, MEM=88.0, GPU=750, Tasks=['instance_13397']
energyConsumption:41.625,accumulatedEnergy:291.375,accumulatedCost:0.011169375
Host 23: CPU=7200, MEM=88.0, GPU=750, Tasks=['instance_13587']
energyConsumption:41.625,accumulatedEnergy:41.625,accumulatedCost:0.001595625
Host 4: CPU=8000, MEM=128, GPU=800, Tasks=[]
energyConsumption:0.0,accumulatedEnergy:0.0,accumulatedCost:0.0
Host 36: CPU=7200, MEM=88.0, GPU=600, Tasks=['instance_13596']
energyConsumption:51.75,accumulatedEnergy:51.75,accumulatedCost:0.00198375
Host 22: CPU=6400, MEM=48.0, GPU=450, Tasks=['instance_13590', 'instance_13591']
energyConsumption:82.125,accumulatedEnergy:82.125,accumulatedCost:0.0031481250000000003
Host 2: CPU=7200, MEM=88.0, GPU=750, Tasks=['instance_13788']
energyConsumption:41.625,accumulatedEnergy:41.625,accumulatedCost:0.001595625
Host 7: CPU=7200, MEM=88.0, GPU=650, Tasks=['instance_13535']
energyConsumption:48.375,accumulatedEnergy:96.75,accumulatedCost:0.0037087500000000002
Host 10: CPU=5600, MEM=8.0, GPU=500, Tasks=['instance_13525', 'instance_13589', 'instance_13625']
energyConsumption:99.0,accumulatedEnergy:144.0,accumulatedCost:0.00552
Host 20: CPU=7200, MEM=88.0, GPU=600, Tasks=['instance_13526']
energyConsumption:51.75,accumulatedEnergy:103.5,accumulatedCost:0.0039675
Host 38: CPU=7200, MEM=88.0, GPU=650, Tasks=['instance_13588']
energyConsumption:48.375,accumulatedEnergy:48.375,accumulatedCost:0.0018543750000000001
Host 6: CPU=7200, MEM=88.0, GPU=600, Tasks=['instance_13592']
energyConsumption:51.75,accumulatedEnergy:51.75,accumulatedCost:0.00198375
Host 18: CPU=7200, MEM=88.0, GPU=750, Tasks=['instance_13624']
energyConsumption:41.625,accumulatedEnergy:41.625,accumulatedCost:0.001595625
Host 21: CPU=7200, MEM=88.0, GPU=650, Tasks=['instance_13606']
energyConsumption:48.375,accumulatedEnergy:48.375,accumulatedCost:0.0018543750000000001
Host 27: CPU=5600, MEM=8.0, GPU=450, Tasks=['instance_13546', 'instance_13573', 'instance_13763']
energyConsumption:102.375,accumulatedEnergy:102.375,accumulatedCost:0.003924375
Host 9: CPU=7200, MEM=88.0, GPU=700, Tasks=['instance_13595']
energyConsumption:45.0,accumulatedEnergy:45.0,accumulatedCost:0.001725
Host 34: CPU=7200, MEM=88.0, GPU=700, Tasks=['instance_13789']
energyConsumption:45.0,accumulatedEnergy:45.0,accumulatedCost:0.001725
Host 24: CPU=7200, MEM=88.0, GPU=700, Tasks=['instance_13594']
energyConsumption:45.0,accumulatedEnergy:45.0,accumulatedCost:0.001725
Host 15: CPU=7200, MEM=88.0, GPU=750, Tasks=['instance_13599']
energyConsumption:41.625,accumulatedEnergy:41.625,accumulatedCost:0.001595625
Host 30: CPU=7200, MEM=88.0, GPU=650, Tasks=['instance_13607']
energyConsumption:48.375,accumulatedEnergy:48.375,accumulatedCost:0.0018543750000000001
Host 29: CPU=7200, MEM=88.0, GPU=600, Tasks=['instance_13780']
energyConsumption:51.75,accumulatedEnergy:51.75,accumulatedCost:0.00198375
Host 3: CPU=6400, MEM=48.0, GPU=500, Tasks=['instance_13354', 'instance_13363']
energyConsumption:78.75,accumulatedEnergy:708.75,accumulatedCost:0.027168750000000002
Host 1: CPU=7200, MEM=88.0, GPU=650, Tasks=['instance_13614']
energyConsumption:48.375,accumulatedEnergy:48.375,accumulatedCost:0.0018543750000000001
done:False
Task instance_13604 scheduled on host 38
Task instance_13612 scheduled on host 4
Task instance_13613 scheduled on host 32
Task instance_13623 scheduled on host 24
Task instance_13791 scheduled on host 36
Task instance_13792 scheduled on host 21
Task instance_13794 scheduled on host 8
Task instance_13795 scheduled on host 15
Task instance_13797 scheduled on host 8
Task instance_13814 scheduled on host 31
Task instance_13822 scheduled on host 8
Task instance_13829 scheduled on host 20
Task instance_13831 scheduled on host 24
Task instance_13835 scheduled on host 39
Task instance_13836 scheduled on host 18
Task instance_13844 scheduled on host 23
Task instance_13847 scheduled on host 7
Task instance_13848 scheduled on host 6
epsilon: 0.7350918906249998
time: 9, total reward: -25.795043496600538, assign_num: 20, avg reward: -1.289752174830027
undeployed tasks len: 2
Current time: 10, Done: 0
Host 31: CPU=5600, MEM=8.0, GPU=450, Tasks=['instance_13601', 'instance_13618', 'instance_13814']
energyConsumption:102.375,accumulatedEnergy:171.0,accumulatedCost:0.006555
Host 15: CPU=6400, MEM=72.0, GPU=600, Tasks=['instance_13599', 'instance_13795']
energyConsumption:65.25,accumulatedEnergy:106.875,accumulatedCost:0.004096875
Host 23: CPU=6400, MEM=48.0, GPU=650, Tasks=['instance_13587', 'instance_13844']
energyConsumption:68.625,accumulatedEnergy:110.25,accumulatedCost:0.00422625
Host 14: CPU=6800, MEM=8.0, GPU=700, Tasks=['instance_13471']
energyConsumption:72.0,accumulatedEnergy:360.0,accumulatedCost:0.013800000000000002
Host 11: CPU=6400, MEM=48.0, GPU=400, Tasks=['instance_13603', 'instance_13786']
energyConsumption:85.5,accumulatedEnergy:171.0,accumulatedCost:0.006555
Host 35: CPU=7200, MEM=88.0, GPU=750, Tasks=['instance_13397']
energyConsumption:41.625,accumulatedEnergy:333.0,accumulatedCost:0.012765
Host 10: CPU=5600, MEM=8.0, GPU=500, Tasks=['instance_13525', 'instance_13589', 'instance_13625']
energyConsumption:99.0,accumulatedEnergy:243.0,accumulatedCost:0.009315
Host 19: CPU=6400, MEM=48.0, GPU=600, Tasks=['instance_13571', 'instance_13784']
energyConsumption:72.0,accumulatedEnergy:144.0,accumulatedCost:0.005520000000000001
Host 32: CPU=6400, MEM=48.0, GPU=600, Tasks=['instance_13598', 'instance_13613']
energyConsumption:72.0,accumulatedEnergy:120.375,accumulatedCost:0.004614375
Host 22: CPU=6400, MEM=48.0, GPU=450, Tasks=['instance_13590', 'instance_13591']
energyConsumption:82.125,accumulatedEnergy:164.25,accumulatedCost:0.006296250000000001
Host 12: CPU=5600, MEM=8.0, GPU=450, Tasks=['instance_13602', 'instance_13605', 'instance_13628']
energyConsumption:102.375,accumulatedEnergy:204.75,accumulatedCost:0.00784875
Host 6: CPU=6400, MEM=48.0, GPU=450, Tasks=['instance_13592', 'instance_13848']
energyConsumption:82.125,accumulatedEnergy:133.875,accumulatedCost:0.005131875
Host 34: CPU=7200, MEM=88.0, GPU=700, Tasks=['instance_13789']
energyConsumption:45.0,accumulatedEnergy:90.0,accumulatedCost:0.00345
Host 2: CPU=7200, MEM=88.0, GPU=750, Tasks=['instance_13788']
energyConsumption:41.625,accumulatedEnergy:83.25,accumulatedCost:0.00319125
Host 25: CPU=7200, MEM=88.0, GPU=700, Tasks=['instance_13543']
energyConsumption:45.0,accumulatedEnergy:135.0,accumulatedCost:0.005175
Host 38: CPU=6400, MEM=48.0, GPU=450, Tasks=['instance_13588', 'instance_13604']
energyConsumption:82.125,accumulatedEnergy:130.5,accumulatedCost:0.0050025
Host 20: CPU=6400, MEM=48.0, GPU=550, Tasks=['instance_13526', 'instance_13829']
energyConsumption:75.375,accumulatedEnergy:178.875,accumulatedCost:0.006856875
Host 36: CPU=6400, MEM=48.0, GPU=500, Tasks=['instance_13596', 'instance_13791']
energyConsumption:78.75,accumulatedEnergy:130.5,accumulatedCost:0.0050025
Host 21: CPU=6400, MEM=48.0, GPU=550, Tasks=['instance_13606', 'instance_13792']
energyConsumption:75.375,accumulatedEnergy:123.75,accumulatedCost:0.00474375
Host 3: CPU=6400, MEM=48.0, GPU=500, Tasks=['instance_13354', 'instance_13363']
energyConsumption:78.75,accumulatedEnergy:787.5,accumulatedCost:0.030187500000000003
Host 18: CPU=6400, MEM=48.0, GPU=700, Tasks=['instance_13624', 'instance_13836']
energyConsumption:65.25,accumulatedEnergy:106.875,accumulatedCost:0.004096875
Host 17: CPU=8000, MEM=128, GPU=800, Tasks=[]
energyConsumption:0.0,accumulatedEnergy:0.0,accumulatedCost:0.0
Host 5: CPU=6800, MEM=8.0, GPU=750, Tasks=['instance_13470']
energyConsumption:68.625,accumulatedEnergy:343.125,accumulatedCost:0.013153125000000002
Host 29: CPU=7200, MEM=88.0, GPU=600, Tasks=['instance_13780']
energyConsumption:51.75,accumulatedEnergy:103.5,accumulatedCost:0.0039675
Host 1: CPU=7200, MEM=88.0, GPU=650, Tasks=['instance_13614']
energyConsumption:48.375,accumulatedEnergy:96.75,accumulatedCost:0.0037087500000000002
Host 37: CPU=7200, MEM=88.0, GPU=600, Tasks=['instance_13785']
energyConsumption:51.75,accumulatedEnergy:103.5,accumulatedCost:0.0039675
Host 27: CPU=5600, MEM=8.0, GPU=450, Tasks=['instance_13546', 'instance_13573', 'instance_13763']
energyConsumption:102.375,accumulatedEnergy:204.75,accumulatedCost:0.00784875
Host 24: CPU=5600, MEM=8.0, GPU=400, Tasks=['instance_13594', 'instance_13623', 'instance_13831']
energyConsumption:105.75,accumulatedEnergy:150.75,accumulatedCost:0.00577875
Host 30: CPU=7200, MEM=88.0, GPU=650, Tasks=['instance_13607']
energyConsumption:48.375,accumulatedEnergy:96.75,accumulatedCost:0.0037087500000000002
Host 26: CPU=5600, MEM=8.0, GPU=500, Tasks=['instance_13572', 'instance_13597', 'instance_13617']
energyConsumption:99.0,accumulatedEnergy:198.0,accumulatedCost:0.0075899999999999995
Host 7: CPU=6400, MEM=48.0, GPU=600, Tasks=['instance_13535', 'instance_13847']
energyConsumption:72.0,accumulatedEnergy:168.75,accumulatedCost:0.0064687500000000005
Host 16: CPU=7200, MEM=88.0, GPU=650, Tasks=['instance_13608']
energyConsumption:48.375,accumulatedEnergy:96.75,accumulatedCost:0.0037087500000000002
Host 39: CPU=6400, MEM=48.0, GPU=550, Tasks=['instance_13547', 'instance_13835']
energyConsumption:75.375,accumulatedEnergy:117.0,accumulatedCost:0.004485
Host 9: CPU=7200, MEM=88.0, GPU=700, Tasks=['instance_13595']
energyConsumption:45.0,accumulatedEnergy:90.0,accumulatedCost:0.00345
Host 13: CPU=6400, MEM=48.0, GPU=450, Tasks=['instance_13534', 'instance_13626']
energyConsumption:82.125,accumulatedEnergy:216.0,accumulatedCost:0.008280000000000001
Host 33: CPU=5600, MEM=8.0, GPU=300, Tasks=['instance_13554', 'instance_13593', 'instance_13600']
energyConsumption:112.5,accumulatedEnergy:225.0,accumulatedCost:0.008625
Host 8: CPU=5600, MEM=16.0, GPU=450, Tasks=['instance_13794', 'instance_13797', 'instance_13822']
energyConsumption:100.125,accumulatedEnergy:100.125,accumulatedCost:0.0038381250000000004
Host 28: CPU=8000, MEM=128, GPU=800, Tasks=[]
energyConsumption:0.0,accumulatedEnergy:0.0,accumulatedCost:0.0
Host 4: CPU=7200, MEM=88.0, GPU=650, Tasks=['instance_13612']
energyConsumption:48.375,accumulatedEnergy:48.375,accumulatedCost:0.0018543750000000001
Host 0: CPU=8000, MEM=128, GPU=800, Tasks=[]
energyConsumption:0.0,accumulatedEnergy:0.0,accumulatedCost:0.0
done:False
Task instance_13826 scheduled on host 36
Task instance_13852 scheduled on host 20
Task instance_13876 scheduled on host 6
epsilon: 0.6983372960937497
time: 10, total reward: -6.9729765133163255, assign_num: 5, avg reward: -1.3945953026632651
undeployed tasks len: 2
Current time: 11, Done: 0
Host 15: CPU=6400, MEM=72.0, GPU=600, Tasks=['instance_13599', 'instance_13795']
energyConsumption:65.25,accumulatedEnergy:172.125,accumulatedCost:0.006598125
Host 22: CPU=6400, MEM=48.0, GPU=450, Tasks=['instance_13590', 'instance_13591']
energyConsumption:82.125,accumulatedEnergy:246.375,accumulatedCost:0.009444375000000001
Host 6: CPU=5600, MEM=8.0, GPU=400, Tasks=['instance_13592', 'instance_13848', 'instance_13876']
energyConsumption:105.75,accumulatedEnergy:239.625,accumulatedCost:0.009185625
Host 32: CPU=6400, MEM=48.0, GPU=600, Tasks=['instance_13598', 'instance_13613']
energyConsumption:72.0,accumulatedEnergy:192.375,accumulatedCost:0.007374375000000001
Host 21: CPU=6400, MEM=48.0, GPU=550, Tasks=['instance_13606', 'instance_13792']
energyConsumption:75.375,accumulatedEnergy:199.125,accumulatedCost:0.007633124999999999
Host 5: CPU=6800, MEM=8.0, GPU=750, Tasks=['instance_13470']
energyConsumption:68.625,accumulatedEnergy:411.75,accumulatedCost:0.015783750000000003
Host 16: CPU=7200, MEM=88.0, GPU=650, Tasks=['instance_13608']
energyConsumption:48.375,accumulatedEnergy:145.125,accumulatedCost:0.005563125
Host 2: CPU=7200, MEM=88.0, GPU=750, Tasks=['instance_13788']
energyConsumption:41.625,accumulatedEnergy:124.875,accumulatedCost:0.004786875
Host 11: CPU=6400, MEM=48.0, GPU=400, Tasks=['instance_13603', 'instance_13786']
energyConsumption:85.5,accumulatedEnergy:256.5,accumulatedCost:0.009832500000000001
Host 36: CPU=5600, MEM=8.0, GPU=450, Tasks=['instance_13596', 'instance_13791', 'instance_13826']
energyConsumption:102.375,accumulatedEnergy:232.875,accumulatedCost:0.008926875
Host 30: CPU=7200, MEM=88.0, GPU=650, Tasks=['instance_13607']
energyConsumption:48.375,accumulatedEnergy:145.125,accumulatedCost:0.005563125
Host 4: CPU=7200, MEM=88.0, GPU=650, Tasks=['instance_13612']
energyConsumption:48.375,accumulatedEnergy:96.75,accumulatedCost:0.0037087500000000002
Host 26: CPU=5600, MEM=8.0, GPU=500, Tasks=['instance_13572', 'instance_13597', 'instance_13617']
energyConsumption:99.0,accumulatedEnergy:297.0,accumulatedCost:0.011385
Host 25: CPU=7200, MEM=88.0, GPU=700, Tasks=['instance_13543']
energyConsumption:45.0,accumulatedEnergy:180.0,accumulatedCost:0.0069
Host 19: CPU=6400, MEM=48.0, GPU=600, Tasks=['instance_13571', 'instance_13784']
energyConsumption:72.0,accumulatedEnergy:216.0,accumulatedCost:0.008280000000000001
Host 33: CPU=5600, MEM=8.0, GPU=300, Tasks=['instance_13554', 'instance_13593', 'instance_13600']
energyConsumption:112.5,accumulatedEnergy:337.5,accumulatedCost:0.012937500000000001
Host 38: CPU=6400, MEM=48.0, GPU=450, Tasks=['instance_13588', 'instance_13604']
energyConsumption:82.125,accumulatedEnergy:212.625,accumulatedCost:0.008150625
Host 27: CPU=5600, MEM=8.0, GPU=450, Tasks=['instance_13546', 'instance_13573', 'instance_13763']
energyConsumption:102.375,accumulatedEnergy:307.125,accumulatedCost:0.011773124999999999
Host 23: CPU=6400, MEM=48.0, GPU=650, Tasks=['instance_13587', 'instance_13844']
energyConsumption:68.625,accumulatedEnergy:178.875,accumulatedCost:0.006856875
Host 1: CPU=7200, MEM=88.0, GPU=650, Tasks=['instance_13614']
energyConsumption:48.375,accumulatedEnergy:145.125,accumulatedCost:0.005563125
Host 31: CPU=5600, MEM=8.0, GPU=450, Tasks=['instance_13601', 'instance_13618', 'instance_13814']
energyConsumption:102.375,accumulatedEnergy:273.375,accumulatedCost:0.010479374999999999
Host 34: CPU=7200, MEM=88.0, GPU=700, Tasks=['instance_13789']
energyConsumption:45.0,accumulatedEnergy:135.0,accumulatedCost:0.005175
Host 10: CPU=5600, MEM=8.0, GPU=500, Tasks=['instance_13525', 'instance_13589', 'instance_13625']
energyConsumption:99.0,accumulatedEnergy:342.0,accumulatedCost:0.01311
Host 3: CPU=6400, MEM=48.0, GPU=500, Tasks=['instance_13354', 'instance_13363']
energyConsumption:78.75,accumulatedEnergy:866.25,accumulatedCost:0.03320625
Host 35: CPU=7200, MEM=88.0, GPU=750, Tasks=['instance_13397']
energyConsumption:41.625,accumulatedEnergy:374.625,accumulatedCost:0.014360625
Host 12: CPU=5600, MEM=8.0, GPU=450, Tasks=['instance_13602', 'instance_13605', 'instance_13628']
energyConsumption:102.375,accumulatedEnergy:307.125,accumulatedCost:0.011773124999999999
Host 0: CPU=8000, MEM=128, GPU=800, Tasks=[]
energyConsumption:0.0,accumulatedEnergy:0.0,accumulatedCost:0.0
Host 7: CPU=6400, MEM=48.0, GPU=600, Tasks=['instance_13535', 'instance_13847']
energyConsumption:72.0,accumulatedEnergy:240.75,accumulatedCost:0.00922875
Host 18: CPU=6400, MEM=48.0, GPU=700, Tasks=['instance_13624', 'instance_13836']
energyConsumption:65.25,accumulatedEnergy:172.125,accumulatedCost:0.006598125
Host 24: CPU=5600, MEM=8.0, GPU=400, Tasks=['instance_13594', 'instance_13623', 'instance_13831']
energyConsumption:105.75,accumulatedEnergy:256.5,accumulatedCost:0.009832500000000001
Host 20: CPU=5600, MEM=8.0, GPU=450, Tasks=['instance_13526', 'instance_13829', 'instance_13852']
energyConsumption:102.375,accumulatedEnergy:281.25,accumulatedCost:0.01078125
Host 39: CPU=6400, MEM=48.0, GPU=550, Tasks=['instance_13547', 'instance_13835']
energyConsumption:75.375,accumulatedEnergy:192.375,accumulatedCost:0.007374375000000001
Host 17: CPU=8000, MEM=128, GPU=800, Tasks=[]
energyConsumption:0.0,accumulatedEnergy:0.0,accumulatedCost:0.0
Host 37: CPU=7200, MEM=88.0, GPU=600, Tasks=['instance_13785']
energyConsumption:51.75,accumulatedEnergy:155.25,accumulatedCost:0.00595125
Host 29: CPU=7200, MEM=88.0, GPU=600, Tasks=['instance_13780']
energyConsumption:51.75,accumulatedEnergy:155.25,accumulatedCost:0.00595125
Host 14: CPU=6800, MEM=8.0, GPU=700, Tasks=['instance_13471']
energyConsumption:72.0,accumulatedEnergy:432.0,accumulatedCost:0.016560000000000002
Host 28: CPU=8000, MEM=128, GPU=800, Tasks=[]
energyConsumption:0.0,accumulatedEnergy:0.0,accumulatedCost:0.0
Host 8: CPU=5600, MEM=16.0, GPU=450, Tasks=['instance_13794', 'instance_13797', 'instance_13822']
energyConsumption:100.125,accumulatedEnergy:200.25,accumulatedCost:0.007676250000000001
Host 9: CPU=7200, MEM=88.0, GPU=700, Tasks=['instance_13595']
energyConsumption:45.0,accumulatedEnergy:135.0,accumulatedCost:0.005175
Host 13: CPU=6400, MEM=48.0, GPU=450, Tasks=['instance_13534', 'instance_13626']
energyConsumption:82.125,accumulatedEnergy:298.125,accumulatedCost:0.011428125
done:False
Task instance_13889 scheduled on host 19
Task instance_13943 scheduled on host 4
epsilon: 0.6634204312890623
time: 11, total reward: -9.410588300629398, assign_num: 6, avg reward: -1.5684313834382329
undeployed tasks len: 4
Current time: 12, Done: 0
Host 18: CPU=6400, MEM=48.0, GPU=700, Tasks=['instance_13624', 'instance_13836']
energyConsumption:65.25,accumulatedEnergy:237.375,accumulatedCost:0.009099375
Host 2: CPU=7200, MEM=88.0, GPU=750, Tasks=['instance_13788']
energyConsumption:41.625,accumulatedEnergy:166.5,accumulatedCost:0.0063825
Host 24: CPU=5600, MEM=8.0, GPU=400, Tasks=['instance_13594', 'instance_13623', 'instance_13831']
energyConsumption:105.75,accumulatedEnergy:362.25,accumulatedCost:0.013886250000000001
Host 0: CPU=8000, MEM=128, GPU=800, Tasks=[]
energyConsumption:0.0,accumulatedEnergy:0.0,accumulatedCost:0.0
Host 34: CPU=7200, MEM=88.0, GPU=700, Tasks=['instance_13789']
energyConsumption:45.0,accumulatedEnergy:180.0,accumulatedCost:0.0069
Host 3: CPU=6400, MEM=48.0, GPU=500, Tasks=['instance_13354', 'instance_13363']
energyConsumption:78.75,accumulatedEnergy:945.0,accumulatedCost:0.036225
Host 32: CPU=6400, MEM=48.0, GPU=600, Tasks=['instance_13598', 'instance_13613']
energyConsumption:72.0,accumulatedEnergy:264.375,accumulatedCost:0.010134375000000001
Host 30: CPU=7200, MEM=88.0, GPU=650, Tasks=['instance_13607']
energyConsumption:48.375,accumulatedEnergy:193.5,accumulatedCost:0.0074175000000000005
Host 38: CPU=6400, MEM=48.0, GPU=450, Tasks=['instance_13588', 'instance_13604']
energyConsumption:82.125,accumulatedEnergy:294.75,accumulatedCost:0.01129875
Host 26: CPU=5600, MEM=8.0, GPU=500, Tasks=['instance_13572', 'instance_13597', 'instance_13617']
energyConsumption:99.0,accumulatedEnergy:396.0,accumulatedCost:0.015179999999999999
Host 11: CPU=6400, MEM=48.0, GPU=400, Tasks=['instance_13603', 'instance_13786']
energyConsumption:85.5,accumulatedEnergy:342.0,accumulatedCost:0.01311
Host 7: CPU=6400, MEM=48.0, GPU=600, Tasks=['instance_13535', 'instance_13847']
energyConsumption:72.0,accumulatedEnergy:312.75,accumulatedCost:0.011988750000000001
Host 28: CPU=8000, MEM=128, GPU=800, Tasks=[]
energyConsumption:0.0,accumulatedEnergy:0.0,accumulatedCost:0.0
Host 31: CPU=5600, MEM=8.0, GPU=450, Tasks=['instance_13601', 'instance_13618', 'instance_13814']
energyConsumption:102.375,accumulatedEnergy:375.75,accumulatedCost:0.01440375
Host 21: CPU=6400, MEM=48.0, GPU=550, Tasks=['instance_13606', 'instance_13792']
energyConsumption:75.375,accumulatedEnergy:274.5,accumulatedCost:0.010522499999999999
Host 14: CPU=6800, MEM=8.0, GPU=700, Tasks=['instance_13471']
energyConsumption:72.0,accumulatedEnergy:504.0,accumulatedCost:0.019320000000000004
Host 8: CPU=5600, MEM=16.0, GPU=450, Tasks=['instance_13794', 'instance_13797', 'instance_13822']
energyConsumption:100.125,accumulatedEnergy:300.375,accumulatedCost:0.011514375
Host 35: CPU=7200, MEM=88.0, GPU=750, Tasks=['instance_13397']
energyConsumption:41.625,accumulatedEnergy:416.25,accumulatedCost:0.01595625
Host 25: CPU=7200, MEM=88.0, GPU=700, Tasks=['instance_13543']
energyConsumption:45.0,accumulatedEnergy:225.0,accumulatedCost:0.008625
Host 9: CPU=7200, MEM=88.0, GPU=700, Tasks=['instance_13595']
energyConsumption:45.0,accumulatedEnergy:180.0,accumulatedCost:0.0069
Host 20: CPU=5600, MEM=8.0, GPU=450, Tasks=['instance_13526', 'instance_13829', 'instance_13852']
energyConsumption:102.375,accumulatedEnergy:383.625,accumulatedCost:0.014705625
Host 27: CPU=5600, MEM=8.0, GPU=450, Tasks=['instance_13546', 'instance_13573', 'instance_13763']
energyConsumption:102.375,accumulatedEnergy:409.5,accumulatedCost:0.0156975
Host 4: CPU=6400, MEM=48.0, GPU=500, Tasks=['instance_13612', 'instance_13943']
energyConsumption:78.75,accumulatedEnergy:175.5,accumulatedCost:0.006727500000000001
Host 6: CPU=5600, MEM=8.0, GPU=400, Tasks=['instance_13592', 'instance_13848', 'instance_13876']
energyConsumption:105.75,accumulatedEnergy:345.375,accumulatedCost:0.013239375
Host 22: CPU=6400, MEM=48.0, GPU=450, Tasks=['instance_13590', 'instance_13591']
energyConsumption:82.125,accumulatedEnergy:328.5,accumulatedCost:0.012592500000000001
Host 15: CPU=6400, MEM=72.0, GPU=600, Tasks=['instance_13599', 'instance_13795']
energyConsumption:65.25,accumulatedEnergy:237.375,accumulatedCost:0.009099375
Host 29: CPU=7200, MEM=88.0, GPU=600, Tasks=['instance_13780']
energyConsumption:51.75,accumulatedEnergy:207.0,accumulatedCost:0.007935
Host 39: CPU=6400, MEM=48.0, GPU=550, Tasks=['instance_13547', 'instance_13835']
energyConsumption:75.375,accumulatedEnergy:267.75,accumulatedCost:0.01026375
Host 36: CPU=5600, MEM=8.0, GPU=450, Tasks=['instance_13596', 'instance_13791', 'instance_13826']
energyConsumption:102.375,accumulatedEnergy:335.25,accumulatedCost:0.012851250000000002
Host 5: CPU=6800, MEM=8.0, GPU=750, Tasks=['instance_13470']
energyConsumption:68.625,accumulatedEnergy:480.375,accumulatedCost:0.018414375000000004
Host 37: CPU=7200, MEM=88.0, GPU=600, Tasks=['instance_13785']
energyConsumption:51.75,accumulatedEnergy:207.0,accumulatedCost:0.007935
Host 33: CPU=5600, MEM=8.0, GPU=300, Tasks=['instance_13554', 'instance_13593', 'instance_13600']
energyConsumption:112.5,accumulatedEnergy:450.0,accumulatedCost:0.01725
Host 12: CPU=5600, MEM=8.0, GPU=450, Tasks=['instance_13602', 'instance_13605', 'instance_13628']
energyConsumption:102.375,accumulatedEnergy:409.5,accumulatedCost:0.0156975
Host 17: CPU=8000, MEM=128, GPU=800, Tasks=[]
energyConsumption:0.0,accumulatedEnergy:0.0,accumulatedCost:0.0
Host 23: CPU=6400, MEM=48.0, GPU=650, Tasks=['instance_13587', 'instance_13844']
energyConsumption:68.625,accumulatedEnergy:247.5,accumulatedCost:0.0094875
Host 10: CPU=5600, MEM=8.0, GPU=500, Tasks=['instance_13525', 'instance_13589', 'instance_13625']
energyConsumption:99.0,accumulatedEnergy:441.0,accumulatedCost:0.016905
Host 13: CPU=6400, MEM=48.0, GPU=450, Tasks=['instance_13534', 'instance_13626']
energyConsumption:82.125,accumulatedEnergy:380.25,accumulatedCost:0.01457625
Host 1: CPU=7200, MEM=88.0, GPU=650, Tasks=['instance_13614']
energyConsumption:48.375,accumulatedEnergy:193.5,accumulatedCost:0.0074175000000000005
Host 19: CPU=5600, MEM=8.0, GPU=550, Tasks=['instance_13571', 'instance_13784', 'instance_13889']
energyConsumption:95.625,accumulatedEnergy:311.625,accumulatedCost:0.011945625000000001
Host 16: CPU=7200, MEM=88.0, GPU=650, Tasks=['instance_13608']
energyConsumption:48.375,accumulatedEnergy:193.5,accumulatedCost:0.0074175000000000005
done:False
Task instance_13939 scheduled on host 38
Task instance_13942 scheduled on host 1
Task instance_13965 scheduled on host 32
Task instance_13969 scheduled on host 15
Task instance_13970 scheduled on host 2
Task instance_13973 scheduled on host 23
Task instance_13974 scheduled on host 30
Task instance_14012 scheduled on host 28
Task instance_14019 scheduled on host 13
epsilon: 0.6302494097246091
time: 12, total reward: -18.472710043480717, assign_num: 13, avg reward: -1.4209776956523628
undeployed tasks len: 4
Current time: 13, Done: 0
Host 2: CPU=6400, MEM=48.0, GPU=700, Tasks=['instance_13788', 'instance_13970']
energyConsumption:65.25,accumulatedEnergy:231.75,accumulatedCost:0.00888375
Host 32: CPU=5600, MEM=8.0, GPU=400, Tasks=['instance_13598', 'instance_13613', 'instance_13965']
energyConsumption:105.75,accumulatedEnergy:370.125,accumulatedCost:0.014188125000000001
Host 20: CPU=5600, MEM=8.0, GPU=450, Tasks=['instance_13526', 'instance_13829', 'instance_13852']
energyConsumption:102.375,accumulatedEnergy:486.0,accumulatedCost:0.01863
Host 34: CPU=7200, MEM=88.0, GPU=700, Tasks=['instance_13789']
energyConsumption:45.0,accumulatedEnergy:225.0,accumulatedCost:0.008625
Host 17: CPU=8000, MEM=128, GPU=800, Tasks=[]
energyConsumption:0.0,accumulatedEnergy:0.0,accumulatedCost:0.0
Host 14: CPU=6800, MEM=8.0, GPU=700, Tasks=['instance_13471']
energyConsumption:72.0,accumulatedEnergy:576.0,accumulatedCost:0.022080000000000002
Host 13: CPU=5600, MEM=8.0, GPU=400, Tasks=['instance_13534', 'instance_13626', 'instance_14019']
energyConsumption:105.75,accumulatedEnergy:486.0,accumulatedCost:0.01863
Host 16: CPU=7200, MEM=88.0, GPU=650, Tasks=['instance_13608']
energyConsumption:48.375,accumulatedEnergy:241.875,accumulatedCost:0.009271875
Host 11: CPU=6400, MEM=48.0, GPU=400, Tasks=['instance_13603', 'instance_13786']
energyConsumption:85.5,accumulatedEnergy:427.5,accumulatedCost:0.0163875
Host 33: CPU=5600, MEM=8.0, GPU=300, Tasks=['instance_13554', 'instance_13593', 'instance_13600']
energyConsumption:112.5,accumulatedEnergy:562.5,accumulatedCost:0.021562500000000002
Host 23: CPU=5600, MEM=8.0, GPU=500, Tasks=['instance_13587', 'instance_13844', 'instance_13973']
energyConsumption:99.0,accumulatedEnergy:346.5,accumulatedCost:0.0132825
Host 30: CPU=6400, MEM=48.0, GPU=550, Tasks=['instance_13607', 'instance_13974']
energyConsumption:75.375,accumulatedEnergy:268.875,accumulatedCost:0.010306875
Host 18: CPU=6400, MEM=48.0, GPU=700, Tasks=['instance_13624', 'instance_13836']
energyConsumption:65.25,accumulatedEnergy:302.625,accumulatedCost:0.011600625
Host 21: CPU=6400, MEM=48.0, GPU=550, Tasks=['instance_13606', 'instance_13792']
energyConsumption:75.375,accumulatedEnergy:349.875,accumulatedCost:0.013411874999999998
Host 8: CPU=5600, MEM=16.0, GPU=450, Tasks=['instance_13794', 'instance_13797', 'instance_13822']
energyConsumption:100.125,accumulatedEnergy:400.5,accumulatedCost:0.015352500000000002
Host 39: CPU=6400, MEM=48.0, GPU=550, Tasks=['instance_13547', 'instance_13835']
energyConsumption:75.375,accumulatedEnergy:343.125,accumulatedCost:0.013153125
Host 24: CPU=5600, MEM=8.0, GPU=400, Tasks=['instance_13594', 'instance_13623', 'instance_13831']
energyConsumption:105.75,accumulatedEnergy:468.0,accumulatedCost:0.01794
Host 36: CPU=5600, MEM=8.0, GPU=450, Tasks=['instance_13596', 'instance_13791', 'instance_13826']
energyConsumption:102.375,accumulatedEnergy:437.625,accumulatedCost:0.016775625000000002
Host 3: CPU=6400, MEM=48.0, GPU=500, Tasks=['instance_13354', 'instance_13363']
energyConsumption:78.75,accumulatedEnergy:1023.75,accumulatedCost:0.03924375
Host 0: CPU=8000, MEM=128, GPU=800, Tasks=[]
energyConsumption:0.0,accumulatedEnergy:0.0,accumulatedCost:0.0
Host 19: CPU=5600, MEM=8.0, GPU=550, Tasks=['instance_13571', 'instance_13784', 'instance_13889']
energyConsumption:95.625,accumulatedEnergy:407.25,accumulatedCost:0.015611250000000002
Host 37: CPU=7200, MEM=88.0, GPU=600, Tasks=['instance_13785']
energyConsumption:51.75,accumulatedEnergy:258.75,accumulatedCost:0.009918749999999999
Host 4: CPU=6400, MEM=48.0, GPU=500, Tasks=['instance_13612', 'instance_13943']
energyConsumption:78.75,accumulatedEnergy:254.25,accumulatedCost:0.009746250000000001
Host 31: CPU=5600, MEM=8.0, GPU=450, Tasks=['instance_13601', 'instance_13618', 'instance_13814']
energyConsumption:102.375,accumulatedEnergy:478.125,accumulatedCost:0.018328125
Host 26: CPU=5600, MEM=8.0, GPU=500, Tasks=['instance_13572', 'instance_13597', 'instance_13617']
energyConsumption:99.0,accumulatedEnergy:495.0,accumulatedCost:0.018975
Host 27: CPU=5600, MEM=8.0, GPU=450, Tasks=['instance_13546', 'instance_13573', 'instance_13763']
energyConsumption:102.375,accumulatedEnergy:511.875,accumulatedCost:0.019621875
Host 35: CPU=7200, MEM=88.0, GPU=750, Tasks=['instance_13397']
energyConsumption:41.625,accumulatedEnergy:457.875,accumulatedCost:0.017551875
Host 1: CPU=6400, MEM=48.0, GPU=500, Tasks=['instance_13614', 'instance_13942']
energyConsumption:78.75,accumulatedEnergy:272.25,accumulatedCost:0.010436250000000001
Host 6: CPU=5600, MEM=8.0, GPU=400, Tasks=['instance_13592', 'instance_13848', 'instance_13876']
energyConsumption:105.75,accumulatedEnergy:451.125,accumulatedCost:0.017293125
Host 22: CPU=6400, MEM=48.0, GPU=450, Tasks=['instance_13590', 'instance_13591']
energyConsumption:82.125,accumulatedEnergy:410.625,accumulatedCost:0.015740625
Host 9: CPU=7200, MEM=88.0, GPU=700, Tasks=['instance_13595']
energyConsumption:45.0,accumulatedEnergy:225.0,accumulatedCost:0.008625
Host 5: CPU=6800, MEM=8.0, GPU=750, Tasks=['instance_13470']
energyConsumption:68.625,accumulatedEnergy:549.0,accumulatedCost:0.021045000000000005
Host 10: CPU=5600, MEM=8.0, GPU=500, Tasks=['instance_13525', 'instance_13589', 'instance_13625']
energyConsumption:99.0,accumulatedEnergy:540.0,accumulatedCost:0.0207
Host 7: CPU=6400, MEM=48.0, GPU=600, Tasks=['instance_13535', 'instance_13847']
energyConsumption:72.0,accumulatedEnergy:384.75,accumulatedCost:0.014748750000000001
Host 38: CPU=5600, MEM=8.0, GPU=300, Tasks=['instance_13588', 'instance_13604', 'instance_13939']
energyConsumption:112.5,accumulatedEnergy:407.25,accumulatedCost:0.01561125
Host 28: CPU=7200, MEM=88.0, GPU=650, Tasks=['instance_14012']
energyConsumption:48.375,accumulatedEnergy:48.375,accumulatedCost:0.0018543750000000001
Host 12: CPU=5600, MEM=8.0, GPU=450, Tasks=['instance_13602', 'instance_13605', 'instance_13628']
energyConsumption:102.375,accumulatedEnergy:511.875,accumulatedCost:0.019621875
Host 25: CPU=7200, MEM=88.0, GPU=700, Tasks=['instance_13543']
energyConsumption:45.0,accumulatedEnergy:270.0,accumulatedCost:0.010350000000000002
Host 15: CPU=5600, MEM=32.0, GPU=550, Tasks=['instance_13599', 'instance_13795', 'instance_13969']
energyConsumption:88.875,accumulatedEnergy:326.25,accumulatedCost:0.01250625
Host 29: CPU=7200, MEM=88.0, GPU=600, Tasks=['instance_13780']
energyConsumption:51.75,accumulatedEnergy:258.75,accumulatedCost:0.009918749999999999
done:False
Task instance_13880 scheduled on host 34
Task instance_14017 scheduled on host 2
Task instance_14021 scheduled on host 16
Task instance_14023 scheduled on host 1
Task instance_14039 scheduled on host 3
Task instance_14048 scheduled on host 7
epsilon: 0.5987369392383786
time: 13, total reward: -11.165039292028625, assign_num: 8, avg reward: -1.3956299115035782
undeployed tasks len: 2
Current time: 14, Done: 0
Host 29: CPU=7200, MEM=88.0, GPU=600, Tasks=['instance_13780']
energyConsumption:51.75,accumulatedEnergy:310.5,accumulatedCost:0.011902499999999998
Host 13: CPU=5600, MEM=8.0, GPU=400, Tasks=['instance_13534', 'instance_13626', 'instance_14019']
energyConsumption:105.75,accumulatedEnergy:591.75,accumulatedCost:0.022683750000000003
Host 22: CPU=6400, MEM=48.0, GPU=450, Tasks=['instance_13590', 'instance_13591']
energyConsumption:82.125,accumulatedEnergy:492.75,accumulatedCost:0.018888750000000003
Host 18: CPU=6400, MEM=48.0, GPU=700, Tasks=['instance_13624', 'instance_13836']
energyConsumption:65.25,accumulatedEnergy:367.875,accumulatedCost:0.014101875
Host 1: CPU=5600, MEM=8.0, GPU=400, Tasks=['instance_13614', 'instance_13942', 'instance_14023']
energyConsumption:105.75,accumulatedEnergy:378.0,accumulatedCost:0.014490000000000001
Host 33: CPU=5600, MEM=8.0, GPU=300, Tasks=['instance_13554', 'instance_13593', 'instance_13600']
energyConsumption:112.5,accumulatedEnergy:675.0,accumulatedCost:0.025875000000000002
Host 0: CPU=8000, MEM=128, GPU=800, Tasks=[]
energyConsumption:0.0,accumulatedEnergy:0.0,accumulatedCost:0.0
Host 11: CPU=6400, MEM=48.0, GPU=400, Tasks=['instance_13603', 'instance_13786']
energyConsumption:85.5,accumulatedEnergy:513.0,accumulatedCost:0.019665
Host 30: CPU=6400, MEM=48.0, GPU=550, Tasks=['instance_13607', 'instance_13974']
energyConsumption:75.375,accumulatedEnergy:344.25,accumulatedCost:0.01319625
Host 12: CPU=5600, MEM=8.0, GPU=450, Tasks=['instance_13602', 'instance_13605', 'instance_13628']
energyConsumption:102.375,accumulatedEnergy:614.25,accumulatedCost:0.02354625
Host 10: CPU=5600, MEM=8.0, GPU=500, Tasks=['instance_13525', 'instance_13589', 'instance_13625']
energyConsumption:99.0,accumulatedEnergy:639.0,accumulatedCost:0.024495
Host 23: CPU=5600, MEM=8.0, GPU=500, Tasks=['instance_13587', 'instance_13844', 'instance_13973']
energyConsumption:99.0,accumulatedEnergy:445.5,accumulatedCost:0.0170775
Host 14: CPU=6800, MEM=8.0, GPU=700, Tasks=['instance_13471']
energyConsumption:72.0,accumulatedEnergy:648.0,accumulatedCost:0.02484
Host 38: CPU=5600, MEM=8.0, GPU=300, Tasks=['instance_13588', 'instance_13604', 'instance_13939']
energyConsumption:112.5,accumulatedEnergy:519.75,accumulatedCost:0.01992375
Host 34: CPU=6400, MEM=48.0, GPU=600, Tasks=['instance_13789', 'instance_13880']
energyConsumption:72.0,accumulatedEnergy:297.0,accumulatedCost:0.011385000000000001
Host 28: CPU=7200, MEM=88.0, GPU=650, Tasks=['instance_14012']
energyConsumption:48.375,accumulatedEnergy:96.75,accumulatedCost:0.0037087500000000002
Host 31: CPU=5600, MEM=8.0, GPU=450, Tasks=['instance_13601', 'instance_13618', 'instance_13814']
energyConsumption:102.375,accumulatedEnergy:580.5,accumulatedCost:0.0222525
Host 35: CPU=7200, MEM=88.0, GPU=750, Tasks=['instance_13397']
energyConsumption:41.625,accumulatedEnergy:499.5,accumulatedCost:0.0191475
Host 9: CPU=7200, MEM=88.0, GPU=700, Tasks=['instance_13595']
energyConsumption:45.0,accumulatedEnergy:270.0,accumulatedCost:0.010350000000000002
Host 39: CPU=6400, MEM=48.0, GPU=550, Tasks=['instance_13547', 'instance_13835']
energyConsumption:75.375,accumulatedEnergy:418.5,accumulatedCost:0.0160425
Host 32: CPU=5600, MEM=8.0, GPU=400, Tasks=['instance_13598', 'instance_13613', 'instance_13965']
energyConsumption:105.75,accumulatedEnergy:475.875,accumulatedCost:0.018241875
Host 17: CPU=8000, MEM=128, GPU=800, Tasks=[]
energyConsumption:0.0,accumulatedEnergy:0.0,accumulatedCost:0.0
Host 7: CPU=5600, MEM=8.0, GPU=400, Tasks=['instance_13535', 'instance_13847', 'instance_14048']
energyConsumption:105.75,accumulatedEnergy:490.5,accumulatedCost:0.0188025
Host 8: CPU=5600, MEM=16.0, GPU=450, Tasks=['instance_13794', 'instance_13797', 'instance_13822']
energyConsumption:100.125,accumulatedEnergy:500.625,accumulatedCost:0.019190625000000003
Host 16: CPU=6400, MEM=48.0, GPU=450, Tasks=['instance_13608', 'instance_14021']
energyConsumption:82.125,accumulatedEnergy:324.0,accumulatedCost:0.01242
Host 36: CPU=5600, MEM=8.0, GPU=450, Tasks=['instance_13596', 'instance_13791', 'instance_13826']
energyConsumption:102.375,accumulatedEnergy:540.0,accumulatedCost:0.020700000000000003
Host 4: CPU=6400, MEM=48.0, GPU=500, Tasks=['instance_13612', 'instance_13943']
energyConsumption:78.75,accumulatedEnergy:333.0,accumulatedCost:0.012765000000000002
Host 20: CPU=5600, MEM=8.0, GPU=450, Tasks=['instance_13526', 'instance_13829', 'instance_13852']
energyConsumption:102.375,accumulatedEnergy:588.375,accumulatedCost:0.022554375
Host 19: CPU=5600, MEM=8.0, GPU=550, Tasks=['instance_13571', 'instance_13784', 'instance_13889']
energyConsumption:95.625,accumulatedEnergy:502.875,accumulatedCost:0.019276875000000002
Host 3: CPU=5600, MEM=8.0, GPU=450, Tasks=['instance_13354', 'instance_13363', 'instance_14039']
energyConsumption:102.375,accumulatedEnergy:1126.125,accumulatedCost:0.043168125
Host 25: CPU=7200, MEM=88.0, GPU=700, Tasks=['instance_13543']
energyConsumption:45.0,accumulatedEnergy:315.0,accumulatedCost:0.012075000000000002
Host 5: CPU=6800, MEM=8.0, GPU=750, Tasks=['instance_13470']
energyConsumption:68.625,accumulatedEnergy:617.625,accumulatedCost:0.023675625000000006
Host 27: CPU=5600, MEM=8.0, GPU=450, Tasks=['instance_13546', 'instance_13573', 'instance_13763']
energyConsumption:102.375,accumulatedEnergy:614.25,accumulatedCost:0.02354625
Host 6: CPU=5600, MEM=8.0, GPU=400, Tasks=['instance_13592', 'instance_13848', 'instance_13876']
energyConsumption:105.75,accumulatedEnergy:556.875,accumulatedCost:0.021346875
Host 2: CPU=5600, MEM=8.0, GPU=650, Tasks=['instance_13788', 'instance_13970', 'instance_14017']
energyConsumption:88.875,accumulatedEnergy:320.625,accumulatedCost:0.012290625
Host 21: CPU=6400, MEM=48.0, GPU=550, Tasks=['instance_13606', 'instance_13792']
energyConsumption:75.375,accumulatedEnergy:425.25,accumulatedCost:0.01630125
Host 24: CPU=5600, MEM=8.0, GPU=400, Tasks=['instance_13594', 'instance_13623', 'instance_13831']
energyConsumption:105.75,accumulatedEnergy:573.75,accumulatedCost:0.02199375
Host 26: CPU=5600, MEM=8.0, GPU=500, Tasks=['instance_13572', 'instance_13597', 'instance_13617']
energyConsumption:99.0,accumulatedEnergy:594.0,accumulatedCost:0.02277
Host 15: CPU=5600, MEM=32.0, GPU=550, Tasks=['instance_13599', 'instance_13795', 'instance_13969']
energyConsumption:88.875,accumulatedEnergy:415.125,accumulatedCost:0.015913125
Host 37: CPU=7200, MEM=88.0, GPU=600, Tasks=['instance_13785']
energyConsumption:51.75,accumulatedEnergy:310.5,accumulatedCost:0.011902499999999998
done:False
Task instance_13878 scheduled on host 16
Task instance_13977 scheduled on host 25
Task instance_14049 scheduled on host 18
Task instance_14063 scheduled on host 9
Task instance_14064 scheduled on host 9
Task instance_14077 scheduled on host 25
epsilon: 0.5688000922764596
time: 14, total reward: -10.91657839918591, assign_num: 8, avg reward: -1.3645722998982388
undeployed tasks len: 2
Current time: 15, Done: 0
Host 12: CPU=5600, MEM=8.0, GPU=450, Tasks=['instance_13602', 'instance_13605', 'instance_13628']
energyConsumption:102.375,accumulatedEnergy:716.625,accumulatedCost:0.027470625000000002
Host 24: CPU=5600, MEM=8.0, GPU=400, Tasks=['instance_13594', 'instance_13623', 'instance_13831']
energyConsumption:105.75,accumulatedEnergy:679.5,accumulatedCost:0.0260475
Host 21: CPU=6400, MEM=48.0, GPU=550, Tasks=['instance_13606', 'instance_13792']
energyConsumption:75.375,accumulatedEnergy:500.625,accumulatedCost:0.019190625
Host 37: CPU=7200, MEM=88.0, GPU=600, Tasks=['instance_13785']
energyConsumption:51.75,accumulatedEnergy:362.25,accumulatedCost:0.013886249999999998
Host 9: CPU=5600, MEM=8.0, GPU=350, Tasks=['instance_13595', 'instance_14063', 'instance_14064']
energyConsumption:109.125,accumulatedEnergy:379.125,accumulatedCost:0.014533125000000001
Host 5: CPU=6800, MEM=8.0, GPU=750, Tasks=['instance_13470']
energyConsumption:68.625,accumulatedEnergy:686.25,accumulatedCost:0.026306250000000007
Host 27: CPU=5600, MEM=8.0, GPU=450, Tasks=['instance_13546', 'instance_13573', 'instance_13763']
energyConsumption:102.375,accumulatedEnergy:716.625,accumulatedCost:0.027470625000000002
Host 25: CPU=5600, MEM=8.0, GPU=500, Tasks=['instance_13543', 'instance_13977', 'instance_14077']
energyConsumption:99.0,accumulatedEnergy:414.0,accumulatedCost:0.015870000000000002
Host 34: CPU=6400, MEM=48.0, GPU=600, Tasks=['instance_13789', 'instance_13880']
energyConsumption:72.0,accumulatedEnergy:369.0,accumulatedCost:0.014145000000000001
Host 2: CPU=5600, MEM=8.0, GPU=650, Tasks=['instance_13788', 'instance_13970', 'instance_14017']
energyConsumption:88.875,accumulatedEnergy:409.5,accumulatedCost:0.0156975
Host 22: CPU=6400, MEM=48.0, GPU=450, Tasks=['instance_13590', 'instance_13591']
energyConsumption:82.125,accumulatedEnergy:574.875,accumulatedCost:0.022036875000000004
Host 31: CPU=5600, MEM=8.0, GPU=450, Tasks=['instance_13601', 'instance_13618', 'instance_13814']
energyConsumption:102.375,accumulatedEnergy:682.875,accumulatedCost:0.026176875000000002
Host 33: CPU=5600, MEM=8.0, GPU=300, Tasks=['instance_13554', 'instance_13593', 'instance_13600']
energyConsumption:112.5,accumulatedEnergy:787.5,accumulatedCost:0.030187500000000003
Host 1: CPU=5600, MEM=8.0, GPU=400, Tasks=['instance_13614', 'instance_13942', 'instance_14023']
energyConsumption:105.75,accumulatedEnergy:483.75,accumulatedCost:0.01854375
Host 0: CPU=8000, MEM=128, GPU=800, Tasks=[]
energyConsumption:0.0,accumulatedEnergy:0.0,accumulatedCost:0.0
Host 13: CPU=5600, MEM=8.0, GPU=400, Tasks=['instance_13534', 'instance_13626', 'instance_14019']
energyConsumption:105.75,accumulatedEnergy:697.5,accumulatedCost:0.026737500000000004
Host 23: CPU=5600, MEM=8.0, GPU=500, Tasks=['instance_13587', 'instance_13844', 'instance_13973']
energyConsumption:99.0,accumulatedEnergy:544.5,accumulatedCost:0.0208725
Host 35: CPU=7200, MEM=88.0, GPU=750, Tasks=['instance_13397']
energyConsumption:41.625,accumulatedEnergy:541.125,accumulatedCost:0.020743125
Host 15: CPU=5600, MEM=32.0, GPU=550, Tasks=['instance_13599', 'instance_13795', 'instance_13969']
energyConsumption:88.875,accumulatedEnergy:504.0,accumulatedCost:0.01932
Host 19: CPU=5600, MEM=8.0, GPU=550, Tasks=['instance_13571', 'instance_13784', 'instance_13889']
energyConsumption:95.625,accumulatedEnergy:598.5,accumulatedCost:0.022942500000000005
Host 36: CPU=5600, MEM=8.0, GPU=450, Tasks=['instance_13596', 'instance_13791', 'instance_13826']
energyConsumption:102.375,accumulatedEnergy:642.375,accumulatedCost:0.024624375000000004
Host 11: CPU=6400, MEM=48.0, GPU=400, Tasks=['instance_13603', 'instance_13786']
energyConsumption:85.5,accumulatedEnergy:598.5,accumulatedCost:0.022942499999999998
Host 3: CPU=5600, MEM=8.0, GPU=450, Tasks=['instance_13354', 'instance_13363', 'instance_14039']
energyConsumption:102.375,accumulatedEnergy:1228.5,accumulatedCost:0.0470925
Host 10: CPU=5600, MEM=8.0, GPU=500, Tasks=['instance_13525', 'instance_13589', 'instance_13625']
energyConsumption:99.0,accumulatedEnergy:738.0,accumulatedCost:0.02829
Host 14: CPU=6800, MEM=8.0, GPU=700, Tasks=['instance_13471']
energyConsumption:72.0,accumulatedEnergy:720.0,accumulatedCost:0.0276
Host 38: CPU=5600, MEM=8.0, GPU=300, Tasks=['instance_13588', 'instance_13604', 'instance_13939']
energyConsumption:112.5,accumulatedEnergy:632.25,accumulatedCost:0.02423625
Host 7: CPU=5600, MEM=8.0, GPU=400, Tasks=['instance_13535', 'instance_13847', 'instance_14048']
energyConsumption:105.75,accumulatedEnergy:596.25,accumulatedCost:0.02285625
Host 30: CPU=6400, MEM=48.0, GPU=550, Tasks=['instance_13607', 'instance_13974']
energyConsumption:75.375,accumulatedEnergy:419.625,accumulatedCost:0.016085625
Host 17: CPU=8000, MEM=128, GPU=800, Tasks=[]
energyConsumption:0.0,accumulatedEnergy:0.0,accumulatedCost:0.0
Host 32: CPU=5600, MEM=8.0, GPU=400, Tasks=['instance_13598', 'instance_13613', 'instance_13965']
energyConsumption:105.75,accumulatedEnergy:581.625,accumulatedCost:0.022295625
Host 28: CPU=7200, MEM=88.0, GPU=650, Tasks=['instance_14012']
energyConsumption:48.375,accumulatedEnergy:145.125,accumulatedCost:0.005563125
Host 4: CPU=6400, MEM=48.0, GPU=500, Tasks=['instance_13612', 'instance_13943']
energyConsumption:78.75,accumulatedEnergy:411.75,accumulatedCost:0.015783750000000003
Host 29: CPU=7200, MEM=88.0, GPU=600, Tasks=['instance_13780']
energyConsumption:51.75,accumulatedEnergy:362.25,accumulatedCost:0.013886249999999998
Host 8: CPU=5600, MEM=16.0, GPU=450, Tasks=['instance_13794', 'instance_13797', 'instance_13822']
energyConsumption:100.125,accumulatedEnergy:600.75,accumulatedCost:0.023028750000000004
Host 26: CPU=5600, MEM=8.0, GPU=500, Tasks=['instance_13572', 'instance_13597', 'instance_13617']
energyConsumption:99.0,accumulatedEnergy:693.0,accumulatedCost:0.026565
Host 20: CPU=5600, MEM=8.0, GPU=450, Tasks=['instance_13526', 'instance_13829', 'instance_13852']
energyConsumption:102.375,accumulatedEnergy:690.75,accumulatedCost:0.026478750000000002
Host 18: CPU=5600, MEM=8.0, GPU=600, Tasks=['instance_13624', 'instance_13836', 'instance_14049']
energyConsumption:92.25,accumulatedEnergy:460.125,accumulatedCost:0.017638125
Host 6: CPU=5600, MEM=8.0, GPU=400, Tasks=['instance_13592', 'instance_13848', 'instance_13876']
energyConsumption:105.75,accumulatedEnergy:662.625,accumulatedCost:0.025400625000000003
Host 39: CPU=6400, MEM=48.0, GPU=550, Tasks=['instance_13547', 'instance_13835']
energyConsumption:75.375,accumulatedEnergy:493.875,accumulatedCost:0.018931875
Host 16: CPU=5600, MEM=8.0, GPU=300, Tasks=['instance_13608', 'instance_14021', 'instance_13878']
energyConsumption:112.5,accumulatedEnergy:436.5,accumulatedCost:0.0167325
done:False
Task instance_14092 scheduled on host 34
epsilon: 0.5403600876626365
time: 15, total reward: -9.882726589347081, assign_num: 6, avg reward: -1.6471210982245135
undeployed tasks len: 5
Current time: 16, Done: 0
Host 11: CPU=6400, MEM=48.0, GPU=400, Tasks=['instance_13603', 'instance_13786']
energyConsumption:85.5,accumulatedEnergy:684.0,accumulatedCost:0.026219999999999997
Host 26: CPU=5600, MEM=8.0, GPU=500, Tasks=['instance_13572', 'instance_13597', 'instance_13617']
energyConsumption:99.0,accumulatedEnergy:792.0,accumulatedCost:0.030359999999999998
Host 39: CPU=6400, MEM=48.0, GPU=550, Tasks=['instance_13547', 'instance_13835']
energyConsumption:75.375,accumulatedEnergy:569.25,accumulatedCost:0.02182125
Host 24: CPU=5600, MEM=8.0, GPU=400, Tasks=['instance_13594', 'instance_13623', 'instance_13831']
energyConsumption:105.75,accumulatedEnergy:785.25,accumulatedCost:0.030101250000000003
Host 13: CPU=5600, MEM=8.0, GPU=400, Tasks=['instance_13534', 'instance_13626', 'instance_14019']
energyConsumption:105.75,accumulatedEnergy:803.25,accumulatedCost:0.030791250000000006
Host 29: CPU=7200, MEM=88.0, GPU=600, Tasks=['instance_13780']
energyConsumption:51.75,accumulatedEnergy:414.0,accumulatedCost:0.01587
Host 21: CPU=6400, MEM=48.0, GPU=550, Tasks=['instance_13606', 'instance_13792']
energyConsumption:75.375,accumulatedEnergy:576.0,accumulatedCost:0.02208
Host 0: CPU=8000, MEM=128, GPU=800, Tasks=[]
energyConsumption:0.0,accumulatedEnergy:0.0,accumulatedCost:0.0
Host 1: CPU=5600, MEM=8.0, GPU=400, Tasks=['instance_13614', 'instance_13942', 'instance_14023']
energyConsumption:105.75,accumulatedEnergy:589.5,accumulatedCost:0.0225975
Host 14: CPU=6800, MEM=8.0, GPU=700, Tasks=['instance_13471']
energyConsumption:72.0,accumulatedEnergy:792.0,accumulatedCost:0.030359999999999998
Host 38: CPU=5600, MEM=8.0, GPU=300, Tasks=['instance_13588', 'instance_13604', 'instance_13939']
energyConsumption:112.5,accumulatedEnergy:744.75,accumulatedCost:0.02854875
Host 36: CPU=5600, MEM=8.0, GPU=450, Tasks=['instance_13596', 'instance_13791', 'instance_13826']
energyConsumption:102.375,accumulatedEnergy:744.75,accumulatedCost:0.028548750000000005
Host 4: CPU=6400, MEM=48.0, GPU=500, Tasks=['instance_13612', 'instance_13943']
energyConsumption:78.75,accumulatedEnergy:490.5,accumulatedCost:0.018802500000000003
Host 23: CPU=5600, MEM=8.0, GPU=500, Tasks=['instance_13587', 'instance_13844', 'instance_13973']
energyConsumption:99.0,accumulatedEnergy:643.5,accumulatedCost:0.0246675
Host 2: CPU=5600, MEM=8.0, GPU=650, Tasks=['instance_13788', 'instance_13970', 'instance_14017']
energyConsumption:88.875,accumulatedEnergy:498.375,accumulatedCost:0.019104375
Host 32: CPU=5600, MEM=8.0, GPU=400, Tasks=['instance_13598', 'instance_13613', 'instance_13965']
energyConsumption:105.75,accumulatedEnergy:687.375,accumulatedCost:0.026349375
Host 7: CPU=5600, MEM=8.0, GPU=400, Tasks=['instance_13535', 'instance_13847', 'instance_14048']
energyConsumption:105.75,accumulatedEnergy:702.0,accumulatedCost:0.026910000000000003
Host 17: CPU=8000, MEM=128, GPU=800, Tasks=[]
energyConsumption:0.0,accumulatedEnergy:0.0,accumulatedCost:0.0
Host 5: CPU=6800, MEM=8.0, GPU=750, Tasks=['instance_13470']
energyConsumption:68.625,accumulatedEnergy:754.875,accumulatedCost:0.028936875000000008
Host 37: CPU=7200, MEM=88.0, GPU=600, Tasks=['instance_13785']
energyConsumption:51.75,accumulatedEnergy:414.0,accumulatedCost:0.01587
Host 33: CPU=5600, MEM=8.0, GPU=300, Tasks=['instance_13554', 'instance_13593', 'instance_13600']
energyConsumption:112.5,accumulatedEnergy:900.0,accumulatedCost:0.0345
Host 6: CPU=5600, MEM=8.0, GPU=400, Tasks=['instance_13592', 'instance_13848', 'instance_13876']
energyConsumption:105.75,accumulatedEnergy:768.375,accumulatedCost:0.029454375000000005
Host 31: CPU=5600, MEM=8.0, GPU=450, Tasks=['instance_13601', 'instance_13618', 'instance_13814']
energyConsumption:102.375,accumulatedEnergy:785.25,accumulatedCost:0.030101250000000003
Host 22: CPU=6400, MEM=48.0, GPU=450, Tasks=['instance_13590', 'instance_13591']
energyConsumption:82.125,accumulatedEnergy:657.0,accumulatedCost:0.025185000000000006
Host 15: CPU=5600, MEM=32.0, GPU=550, Tasks=['instance_13599', 'instance_13795', 'instance_13969']
energyConsumption:88.875,accumulatedEnergy:592.875,accumulatedCost:0.022726875
Host 12: CPU=5600, MEM=8.0, GPU=450, Tasks=['instance_13602', 'instance_13605', 'instance_13628']
energyConsumption:102.375,accumulatedEnergy:819.0,accumulatedCost:0.031395
Host 25: CPU=5600, MEM=8.0, GPU=500, Tasks=['instance_13543', 'instance_13977', 'instance_14077']
energyConsumption:99.0,accumulatedEnergy:513.0,accumulatedCost:0.019665000000000002
Host 3: CPU=5600, MEM=8.0, GPU=450, Tasks=['instance_13354', 'instance_13363', 'instance_14039']
energyConsumption:102.375,accumulatedEnergy:1330.875,accumulatedCost:0.051016875
Host 35: CPU=7200, MEM=88.0, GPU=750, Tasks=['instance_13397']
energyConsumption:41.625,accumulatedEnergy:582.75,accumulatedCost:0.02233875
Host 10: CPU=5600, MEM=8.0, GPU=500, Tasks=['instance_13525', 'instance_13589', 'instance_13625']
energyConsumption:99.0,accumulatedEnergy:837.0,accumulatedCost:0.032085
Host 20: CPU=5600, MEM=8.0, GPU=450, Tasks=['instance_13526', 'instance_13829', 'instance_13852']
energyConsumption:102.375,accumulatedEnergy:793.125,accumulatedCost:0.030403125000000003
Host 30: CPU=6400, MEM=48.0, GPU=550, Tasks=['instance_13607', 'instance_13974']
energyConsumption:75.375,accumulatedEnergy:495.0,accumulatedCost:0.018975
Host 28: CPU=7200, MEM=88.0, GPU=650, Tasks=['instance_14012']
energyConsumption:48.375,accumulatedEnergy:193.5,accumulatedCost:0.0074175000000000005
Host 34: CPU=5600, MEM=8.0, GPU=450, Tasks=['instance_13789', 'instance_13880', 'instance_14092']
energyConsumption:102.375,accumulatedEnergy:471.375,accumulatedCost:0.018069375000000002
Host 18: CPU=5600, MEM=8.0, GPU=600, Tasks=['instance_13624', 'instance_13836', 'instance_14049']
energyConsumption:92.25,accumulatedEnergy:552.375,accumulatedCost:0.021174375000000002
Host 9: CPU=5600, MEM=8.0, GPU=350, Tasks=['instance_13595', 'instance_14063', 'instance_14064']
energyConsumption:109.125,accumulatedEnergy:488.25,accumulatedCost:0.01871625
Host 8: CPU=5600, MEM=16.0, GPU=450, Tasks=['instance_13794', 'instance_13797', 'instance_13822']
energyConsumption:100.125,accumulatedEnergy:700.875,accumulatedCost:0.026866875000000005
Host 19: CPU=5600, MEM=8.0, GPU=550, Tasks=['instance_13571', 'instance_13784', 'instance_13889']
energyConsumption:95.625,accumulatedEnergy:694.125,accumulatedCost:0.026608125000000003
Host 27: CPU=5600, MEM=8.0, GPU=450, Tasks=['instance_13546', 'instance_13573', 'instance_13763']
energyConsumption:102.375,accumulatedEnergy:819.0,accumulatedCost:0.031395
Host 16: CPU=5600, MEM=8.0, GPU=300, Tasks=['instance_13608', 'instance_14021', 'instance_13878']
energyConsumption:112.5,accumulatedEnergy:549.0,accumulatedCost:0.021045
done:False
Task instance_14079 scheduled on host 21
Task instance_14093 scheduled on host 17
Task instance_14100 scheduled on host 39
Task instance_14111 scheduled on host 22
