Namespace(algorithm_name='DQN', reward_name='my_reward', sort_name='FirstSubmit', workload_path='./dataset/workload_decline.csv', host_path='./dataset/host.csv', log_path='./log/', episode=20)
Episode: 0
Task instance_13354 scheduled on host 39
Task instance_13363 scheduled on host 5
Task instance_13397 scheduled on host 4
Task instance_13471 scheduled on host 0
time: 0, total reward: 3, assign_num: 5, avg reward: 0.6
undeployed tasks len: 1
Current time: 1, Done: 0
Host 36: CPU=8000, MEM=128, GPU=800, Tasks=[]
energyConsumption:0.0,accumulatedEnergy:0.0,accumulatedCost:0.0
Host 18: CPU=8000, MEM=128, GPU=800, Tasks=[]
energyConsumption:0.0,accumulatedEnergy:0.0,accumulatedCost:0.0
Host 35: CPU=8000, MEM=128, GPU=800, Tasks=[]
energyConsumption:0.0,accumulatedEnergy:0.0,accumulatedCost:0.0
Host 37: CPU=8000, MEM=128, GPU=800, Tasks=[]
energyConsumption:0.0,accumulatedEnergy:0.0,accumulatedCost:0.0
Host 19: CPU=8000, MEM=128, GPU=800, Tasks=[]
energyConsumption:0.0,accumulatedEnergy:0.0,accumulatedCost:0.0
Host 16: CPU=8000, MEM=128, GPU=800, Tasks=[]
energyConsumption:0.0,accumulatedEnergy:0.0,accumulatedCost:0.0
Host 39: CPU=7200, MEM=88, GPU=700, Tasks=['instance_13354']
energyConsumption:142.5,accumulatedEnergy:142.5,accumulatedCost:0.0054624999999999995
Host 38: CPU=8000, MEM=128, GPU=800, Tasks=[]
energyConsumption:0.0,accumulatedEnergy:0.0,accumulatedCost:0.0
Host 15: CPU=8000, MEM=128, GPU=800, Tasks=[]
energyConsumption:0.0,accumulatedEnergy:0.0,accumulatedCost:0.0
Host 17: CPU=8000, MEM=128, GPU=800, Tasks=[]
energyConsumption:0.0,accumulatedEnergy:0.0,accumulatedCost:0.0
Host 10: CPU=8000, MEM=128, GPU=800, Tasks=[]
energyConsumption:0.0,accumulatedEnergy:0.0,accumulatedCost:0.0
Host 30: CPU=8000, MEM=128, GPU=800, Tasks=[]
energyConsumption:0.0,accumulatedEnergy:0.0,accumulatedCost:0.0
Host 11: CPU=8000, MEM=128, GPU=800, Tasks=[]
energyConsumption:0.0,accumulatedEnergy:0.0,accumulatedCost:0.0
Host 32: CPU=8000, MEM=128, GPU=800, Tasks=[]
energyConsumption:0.0,accumulatedEnergy:0.0,accumulatedCost:0.0
Host 12: CPU=8000, MEM=128, GPU=800, Tasks=[]
energyConsumption:0.0,accumulatedEnergy:0.0,accumulatedCost:0.0
Host 34: CPU=8000, MEM=128, GPU=800, Tasks=[]
energyConsumption:0.0,accumulatedEnergy:0.0,accumulatedCost:0.0
Host 13: CPU=8000, MEM=128, GPU=800, Tasks=[]
energyConsumption:0.0,accumulatedEnergy:0.0,accumulatedCost:0.0
Host 31: CPU=8000, MEM=128, GPU=800, Tasks=[]
energyConsumption:0.0,accumulatedEnergy:0.0,accumulatedCost:0.0
Host 33: CPU=8000, MEM=128, GPU=800, Tasks=[]
energyConsumption:0.0,accumulatedEnergy:0.0,accumulatedCost:0.0
Host 14: CPU=8000, MEM=128, GPU=800, Tasks=[]
energyConsumption:0.0,accumulatedEnergy:0.0,accumulatedCost:0.0
Host 9: CPU=8000, MEM=128, GPU=800, Tasks=[]
energyConsumption:0.0,accumulatedEnergy:0.0,accumulatedCost:0.0
Host 25: CPU=8000, MEM=128, GPU=800, Tasks=[]
energyConsumption:0.0,accumulatedEnergy:0.0,accumulatedCost:0.0
Host 28: CPU=8000, MEM=128, GPU=800, Tasks=[]
energyConsumption:0.0,accumulatedEnergy:0.0,accumulatedCost:0.0
Host 26: CPU=8000, MEM=128, GPU=800, Tasks=[]
energyConsumption:0.0,accumulatedEnergy:0.0,accumulatedCost:0.0
Host 29: CPU=8000, MEM=128, GPU=800, Tasks=[]
energyConsumption:0.0,accumulatedEnergy:0.0,accumulatedCost:0.0
Host 27: CPU=8000, MEM=128, GPU=800, Tasks=[]
energyConsumption:0.0,accumulatedEnergy:0.0,accumulatedCost:0.0
Host 5: CPU=7200, MEM=88, GPU=600, Tasks=['instance_13363']
energyConsumption:71.875,accumulatedEnergy:71.875,accumulatedCost:0.0027552083333333335
Host 6: CPU=8000, MEM=128, GPU=800, Tasks=[]
energyConsumption:0.0,accumulatedEnergy:0.0,accumulatedCost:0.0
Host 8: CPU=8000, MEM=128, GPU=800, Tasks=[]
energyConsumption:0.0,accumulatedEnergy:0.0,accumulatedCost:0.0
Host 7: CPU=8000, MEM=128, GPU=800, Tasks=[]
energyConsumption:0.0,accumulatedEnergy:0.0,accumulatedCost:0.0
Host 3: CPU=8000, MEM=128, GPU=800, Tasks=[]
energyConsumption:0.0,accumulatedEnergy:0.0,accumulatedCost:0.0
Host 24: CPU=8000, MEM=128, GPU=800, Tasks=[]
energyConsumption:0.0,accumulatedEnergy:0.0,accumulatedCost:0.0
Host 4: CPU=7200, MEM=88, GPU=750, Tasks=['instance_13397']
energyConsumption:41.625,accumulatedEnergy:41.625,accumulatedCost:0.001595625
Host 21: CPU=8000, MEM=128, GPU=800, Tasks=[]
energyConsumption:0.0,accumulatedEnergy:0.0,accumulatedCost:0.0
Host 23: CPU=8000, MEM=128, GPU=800, Tasks=[]
energyConsumption:0.0,accumulatedEnergy:0.0,accumulatedCost:0.0
Host 22: CPU=8000, MEM=128, GPU=800, Tasks=[]
energyConsumption:0.0,accumulatedEnergy:0.0,accumulatedCost:0.0
Host 20: CPU=8000, MEM=128, GPU=800, Tasks=[]
energyConsumption:0.0,accumulatedEnergy:0.0,accumulatedCost:0.0
Host 2: CPU=8000, MEM=128, GPU=800, Tasks=[]
energyConsumption:0.0,accumulatedEnergy:0.0,accumulatedCost:0.0
Host 0: CPU=6800, MEM=8, GPU=700, Tasks=['instance_13471']
energyConsumption:72.0,accumulatedEnergy:72.0,accumulatedCost:0.0027600000000000003
Host 1: CPU=8000, MEM=128, GPU=800, Tasks=[]
energyConsumption:0.0,accumulatedEnergy:0.0,accumulatedCost:0.0
done:False
Task instance_13470 scheduled on host 19
Task instance_13525 scheduled on host 25
Task instance_13526 scheduled on host 25
Task instance_13534 scheduled on host 1
Task instance_13535 scheduled on host 34
Task instance_13543 scheduled on host 17
time: 1, total reward: 6, assign_num: 6, avg reward: 1.0
Current time: 2, Done: 0
Host 36: CPU=8000, MEM=128, GPU=800, Tasks=[]
energyConsumption:0.0,accumulatedEnergy:0.0,accumulatedCost:0.0
Host 15: CPU=8000, MEM=128, GPU=800, Tasks=[]
energyConsumption:0.0,accumulatedEnergy:0.0,accumulatedCost:0.0
Host 19: CPU=6800, MEM=8, GPU=750, Tasks=['instance_13470']
energyConsumption:217.3125,accumulatedEnergy:217.3125,accumulatedCost:0.008330312500000001
Host 37: CPU=8000, MEM=128, GPU=800, Tasks=[]
energyConsumption:0.0,accumulatedEnergy:0.0,accumulatedCost:0.0
Host 18: CPU=8000, MEM=128, GPU=800, Tasks=[]
energyConsumption:0.0,accumulatedEnergy:0.0,accumulatedCost:0.0
Host 39: CPU=7200, MEM=88, GPU=700, Tasks=['instance_13354']
energyConsumption:142.5,accumulatedEnergy:285.0,accumulatedCost:0.010924999999999999
Host 17: CPU=7200, MEM=88, GPU=700, Tasks=['instance_13543']
energyConsumption:142.5,accumulatedEnergy:142.5,accumulatedCost:0.0054624999999999995
Host 16: CPU=8000, MEM=128, GPU=800, Tasks=[]
energyConsumption:0.0,accumulatedEnergy:0.0,accumulatedCost:0.0
Host 38: CPU=8000, MEM=128, GPU=800, Tasks=[]
energyConsumption:0.0,accumulatedEnergy:0.0,accumulatedCost:0.0
Host 35: CPU=8000, MEM=128, GPU=800, Tasks=[]
energyConsumption:0.0,accumulatedEnergy:0.0,accumulatedCost:0.0
Host 12: CPU=8000, MEM=128, GPU=800, Tasks=[]
energyConsumption:0.0,accumulatedEnergy:0.0,accumulatedCost:0.0
Host 34: CPU=7200, MEM=88, GPU=650, Tasks=['instance_13535']
energyConsumption:96.75,accumulatedEnergy:96.75,accumulatedCost:0.0037087500000000002
Host 32: CPU=8000, MEM=128, GPU=800, Tasks=[]
energyConsumption:0.0,accumulatedEnergy:0.0,accumulatedCost:0.0
Host 11: CPU=8000, MEM=128, GPU=800, Tasks=[]
energyConsumption:0.0,accumulatedEnergy:0.0,accumulatedCost:0.0
Host 10: CPU=8000, MEM=128, GPU=800, Tasks=[]
energyConsumption:0.0,accumulatedEnergy:0.0,accumulatedCost:0.0
Host 33: CPU=8000, MEM=128, GPU=800, Tasks=[]
energyConsumption:0.0,accumulatedEnergy:0.0,accumulatedCost:0.0
Host 30: CPU=8000, MEM=128, GPU=800, Tasks=[]
energyConsumption:0.0,accumulatedEnergy:0.0,accumulatedCost:0.0
Host 14: CPU=8000, MEM=128, GPU=800, Tasks=[]
energyConsumption:0.0,accumulatedEnergy:0.0,accumulatedCost:0.0
Host 31: CPU=8000, MEM=128, GPU=800, Tasks=[]
energyConsumption:0.0,accumulatedEnergy:0.0,accumulatedCost:0.0
Host 13: CPU=8000, MEM=128, GPU=800, Tasks=[]
energyConsumption:0.0,accumulatedEnergy:0.0,accumulatedCost:0.0
Host 6: CPU=8000, MEM=128, GPU=800, Tasks=[]
energyConsumption:0.0,accumulatedEnergy:0.0,accumulatedCost:0.0
Host 27: CPU=8000, MEM=128, GPU=800, Tasks=[]
energyConsumption:0.0,accumulatedEnergy:0.0,accumulatedCost:0.0
Host 26: CPU=8000, MEM=128, GPU=800, Tasks=[]
energyConsumption:0.0,accumulatedEnergy:0.0,accumulatedCost:0.0
Host 8: CPU=8000, MEM=128, GPU=800, Tasks=[]
energyConsumption:0.0,accumulatedEnergy:0.0,accumulatedCost:0.0
Host 25: CPU=6400, MEM=48, GPU=500, Tasks=['instance_13525', 'instance_13526']
energyConsumption:109.375,accumulatedEnergy:109.375,accumulatedCost:0.004192708333333333
Host 9: CPU=8000, MEM=128, GPU=800, Tasks=[]
energyConsumption:0.0,accumulatedEnergy:0.0,accumulatedCost:0.0
Host 5: CPU=7200, MEM=88, GPU=600, Tasks=['instance_13363']
energyConsumption:71.875,accumulatedEnergy:143.75,accumulatedCost:0.005510416666666667
Host 29: CPU=8000, MEM=128, GPU=800, Tasks=[]
energyConsumption:0.0,accumulatedEnergy:0.0,accumulatedCost:0.0
Host 7: CPU=8000, MEM=128, GPU=800, Tasks=[]
energyConsumption:0.0,accumulatedEnergy:0.0,accumulatedCost:0.0
Host 28: CPU=8000, MEM=128, GPU=800, Tasks=[]
energyConsumption:0.0,accumulatedEnergy:0.0,accumulatedCost:0.0
Host 4: CPU=7200, MEM=88, GPU=750, Tasks=['instance_13397']
energyConsumption:41.625,accumulatedEnergy:83.25,accumulatedCost:0.00319125
Host 3: CPU=8000, MEM=128, GPU=800, Tasks=[]
energyConsumption:0.0,accumulatedEnergy:0.0,accumulatedCost:0.0
Host 24: CPU=8000, MEM=128, GPU=800, Tasks=[]
energyConsumption:0.0,accumulatedEnergy:0.0,accumulatedCost:0.0
Host 2: CPU=8000, MEM=128, GPU=800, Tasks=[]
energyConsumption:0.0,accumulatedEnergy:0.0,accumulatedCost:0.0
Host 22: CPU=8000, MEM=128, GPU=800, Tasks=[]
energyConsumption:0.0,accumulatedEnergy:0.0,accumulatedCost:0.0
Host 21: CPU=8000, MEM=128, GPU=800, Tasks=[]
energyConsumption:0.0,accumulatedEnergy:0.0,accumulatedCost:0.0
Host 20: CPU=8000, MEM=128, GPU=800, Tasks=[]
energyConsumption:0.0,accumulatedEnergy:0.0,accumulatedCost:0.0
Host 0: CPU=6800, MEM=8, GPU=700, Tasks=['instance_13471']
energyConsumption:72.0,accumulatedEnergy:144.0,accumulatedCost:0.005520000000000001
Host 23: CPU=8000, MEM=128, GPU=800, Tasks=[]
energyConsumption:0.0,accumulatedEnergy:0.0,accumulatedCost:0.0
Host 1: CPU=7200, MEM=88, GPU=600, Tasks=['instance_13534']
energyConsumption:51.75,accumulatedEnergy:51.75,accumulatedCost:0.00198375
done:False
Task instance_13546 scheduled on host 30
Task instance_13547 scheduled on host 22
